INFO - 2023-09-04 03:17:31 --> Session: Class initialized using 'CodeIgniter\Session\Handlers\FileHandler' driver.
INFO - 2023-09-04 03:17:56 --> Session: Class initialized using 'CodeIgniter\Session\Handlers\FileHandler' driver.
INFO - 2023-09-04 03:25:30 --> Session: Class initialized using 'CodeIgniter\Session\Handlers\FileHandler' driver.
INFO - 2023-09-04 03:25:47 --> Session: Class initialized using 'CodeIgniter\Session\Handlers\FileHandler' driver.
ERROR - 2023-09-04 03:25:47 --> Error connecting to the database: mysqli_sql_exception: Access denied for user 'root'@'localhost' (using password: YES) in C:\xampp\htdocs\handa-registration\system\Database\MySQLi\Connection.php:174
Stack trace:
#0 C:\xampp\htdocs\handa-registration\system\Database\MySQLi\Connection.php(174): mysqli->real_connect('localhost', 'root', 'D0$Tregion10', 'conplan', 3306, '', 0)
#1 C:\xampp\htdocs\handa-registration\system\Database\BaseConnection.php(391): CodeIgniter\Database\MySQLi\Connection->connect(false)
#2 C:\xampp\htdocs\handa-registration\system\Database\BaseConnection.php(574): CodeIgniter\Database\BaseConnection->initialize()
#3 C:\xampp\htdocs\handa-registration\system\Database\BaseBuilder.php(1616): CodeIgniter\Database\BaseConnection->query('SELECT *\nFROM `...', Array, false)
#4 C:\xampp\htdocs\handa-registration\app\Models\RegistrationModel.php(57): CodeIgniter\Database\BaseBuilder->get()
#5 C:\xampp\htdocs\handa-registration\app\Controllers\Registration.php(28): App\Models\RegistrationModel->get_data_where('tblevents', Array)
#6 C:\xampp\htdocs\handa-registration\system\CodeIgniter.php(932): App\Controllers\Registration->event('pagsubay')
#7 C:\xampp\htdocs\handa-registration\system\CodeIgniter.php(497): CodeIgniter\CodeIgniter->runController(Object(App\Controllers\Registration))
#8 C:\xampp\htdocs\handa-registration\system\CodeIgniter.php(366): CodeIgniter\CodeIgniter->handleRequest(NULL, Object(Config\Cache), false)
#9 C:\xampp\htdocs\handa-registration\index.php(67): CodeIgniter\CodeIgniter->run()
#10 {main}

Next CodeIgniter\Database\Exceptions\DatabaseException: Access denied for user '****'@'localhost' (using password: YES) in C:\xampp\htdocs\handa-registration\system\Database\MySQLi\Connection.php:218
Stack trace:
#0 C:\xampp\htdocs\handa-registration\system\Database\BaseConnection.php(391): CodeIgniter\Database\MySQLi\Connection->connect(false)
#1 C:\xampp\htdocs\handa-registration\system\Database\BaseConnection.php(574): CodeIgniter\Database\BaseConnection->initialize()
#2 C:\xampp\htdocs\handa-registration\system\Database\BaseBuilder.php(1616): CodeIgniter\Database\BaseConnection->query('SELECT *\nFROM `...', Array, false)
#3 C:\xampp\htdocs\handa-registration\app\Models\RegistrationModel.php(57): CodeIgniter\Database\BaseBuilder->get()
#4 C:\xampp\htdocs\handa-registration\app\Controllers\Registration.php(28): App\Models\RegistrationModel->get_data_where('tblevents', Array)
#5 C:\xampp\htdocs\handa-registration\system\CodeIgniter.php(932): App\Controllers\Registration->event('pagsubay')
#6 C:\xampp\htdocs\handa-registration\system\CodeIgniter.php(497): CodeIgniter\CodeIgniter->runController(Object(App\Controllers\Registration))
#7 C:\xampp\htdocs\handa-registration\system\CodeIgniter.php(366): CodeIgniter\CodeIgniter->handleRequest(NULL, Object(Config\Cache), false)
#8 C:\xampp\htdocs\handa-registration\index.php(67): CodeIgniter\CodeIgniter->run()
#9 {main}
CRITICAL - 2023-09-04 03:25:47 --> Unable to connect to the database.
Main connection [MySQLi]: Access denied for user '****'@'localhost' (using password: YES)
in SYSTEMPATH\Database\BaseConnection.php on line 427.
 1 SYSTEMPATH\Database\BaseConnection.php(574): CodeIgniter\Database\BaseConnection->initialize()
 2 SYSTEMPATH\Database\BaseBuilder.php(1616): CodeIgniter\Database\BaseConnection->query('SELECT *
FROM `tblevents`
WHERE `shorthand` = :shorthand:', [...], false)
 3 APPPATH\Models\RegistrationModel.php(57): CodeIgniter\Database\BaseBuilder->get()
 4 APPPATH\Controllers\Registration.php(28): App\Models\RegistrationModel->get_data_where('tblevents', [...])
 5 SYSTEMPATH\CodeIgniter.php(932): App\Controllers\Registration->event('pagsubay')
 6 SYSTEMPATH\CodeIgniter.php(497): CodeIgniter\CodeIgniter->runController(Object(App\Controllers\Registration))
 7 SYSTEMPATH\CodeIgniter.php(366): CodeIgniter\CodeIgniter->handleRequest(null, Object(Config\Cache), false)
 8 FCPATH\index.php(67): CodeIgniter\CodeIgniter->run()
INFO - 2023-09-04 03:26:05 --> Session: Class initialized using 'CodeIgniter\Session\Handlers\FileHandler' driver.
INFO - 2023-09-04 03:29:26 --> Session: Class initialized using 'CodeIgniter\Session\Handlers\FileHandler' driver.
CRITICAL - 2023-09-04 03:29:26 --> Undefined variable $regionsRow
in APPPATH\Views\registration-per-event.php on line 128.
 1 APPPATH\Views\registration-per-event.php(128): CodeIgniter\Debug\Exceptions->errorHandler(2, 'Undefined variable $regionsRow', 'C:\\xampp\\htdocs\\handa-registration\\app\\Views\\registration-per-event.php', 128)
 2 SYSTEMPATH\View\View.php(224): include('C:\\xampp\\htdocs\\handa-registration\\app\\Views\\registration-per-event.php')
 3 SYSTEMPATH\View\View.php(227): CodeIgniter\View\View->CodeIgniter\View\{closure}()
 4 SYSTEMPATH\Common.php(1180): CodeIgniter\View\View->render('registration-per-event', [], true)
 5 APPPATH\Controllers\Registration.php(32): view('registration-per-event', [...])
 6 SYSTEMPATH\CodeIgniter.php(932): App\Controllers\Registration->event('pagsubay')
 7 SYSTEMPATH\CodeIgniter.php(497): CodeIgniter\CodeIgniter->runController(Object(App\Controllers\Registration))
 8 SYSTEMPATH\CodeIgniter.php(366): CodeIgniter\CodeIgniter->handleRequest(null, Object(Config\Cache), false)
 9 FCPATH\index.php(67): CodeIgniter\CodeIgniter->run()
INFO - 2023-09-04 03:29:36 --> Session: Class initialized using 'CodeIgniter\Session\Handlers\FileHandler' driver.
INFO - 2023-09-04 03:30:17 --> Session: Class initialized using 'CodeIgniter\Session\Handlers\FileHandler' driver.
INFO - 2023-09-04 03:30:38 --> Session: Class initialized using 'CodeIgniter\Session\Handlers\FileHandler' driver.
INFO - 2023-09-04 03:31:04 --> Session: Class initialized using 'CodeIgniter\Session\Handlers\FileHandler' driver.
INFO - 2023-09-04 03:36:10 --> Session: Class initialized using 'CodeIgniter\Session\Handlers\FileHandler' driver.
INFO - 2023-09-04 03:36:45 --> Session: Class initialized using 'CodeIgniter\Session\Handlers\FileHandler' driver.
INFO - 2023-09-04 03:38:17 --> Session: Class initialized using 'CodeIgniter\Session\Handlers\FileHandler' driver.
INFO - 2023-09-04 03:38:36 --> Session: Class initialized using 'CodeIgniter\Session\Handlers\FileHandler' driver.
INFO - 2023-09-04 03:38:58 --> Session: Class initialized using 'CodeIgniter\Session\Handlers\FileHandler' driver.
INFO - 2023-09-04 03:39:02 --> Session: Class initialized using 'CodeIgniter\Session\Handlers\FileHandler' driver.
INFO - 2023-09-04 03:39:03 --> Session: Class initialized using 'CodeIgniter\Session\Handlers\FileHandler' driver.
INFO - 2023-09-04 03:39:03 --> Session: Class initialized using 'CodeIgniter\Session\Handlers\FileHandler' driver.
INFO - 2023-09-04 03:39:04 --> Session: Class initialized using 'CodeIgniter\Session\Handlers\FileHandler' driver.
INFO - 2023-09-04 03:39:14 --> Session: Class initialized using 'CodeIgniter\Session\Handlers\FileHandler' driver.
INFO - 2023-09-04 03:39:19 --> Session: Class initialized using 'CodeIgniter\Session\Handlers\FileHandler' driver.
INFO - 2023-09-04 03:39:31 --> Session: Class initialized using 'CodeIgniter\Session\Handlers\FileHandler' driver.
INFO - 2023-09-04 03:39:35 --> Session: Class initialized using 'CodeIgniter\Session\Handlers\FileHandler' driver.
INFO - 2023-09-04 03:39:37 --> Session: Class initialized using 'CodeIgniter\Session\Handlers\FileHandler' driver.
INFO - 2023-09-04 03:39:37 --> Session: Class initialized using 'CodeIgniter\Session\Handlers\FileHandler' driver.
INFO - 2023-09-04 03:39:37 --> Session: Class initialized using 'CodeIgniter\Session\Handlers\FileHandler' driver.
INFO - 2023-09-04 03:39:38 --> Session: Class initialized using 'CodeIgniter\Session\Handlers\FileHandler' driver.
INFO - 2023-09-04 03:39:38 --> Session: Class initialized using 'CodeIgniter\Session\Handlers\FileHandler' driver.
INFO - 2023-09-04 03:40:33 --> Session: Class initialized using 'CodeIgniter\Session\Handlers\FileHandler' driver.
INFO - 2023-09-04 03:40:37 --> Session: Class initialized using 'CodeIgniter\Session\Handlers\FileHandler' driver.
INFO - 2023-09-04 03:41:25 --> Session: Class initialized using 'CodeIgniter\Session\Handlers\FileHandler' driver.
INFO - 2023-09-04 03:42:11 --> Session: Class initialized using 'CodeIgniter\Session\Handlers\FileHandler' driver.
INFO - 2023-09-04 03:42:15 --> Session: Class initialized using 'CodeIgniter\Session\Handlers\FileHandler' driver.
INFO - 2023-09-04 03:42:16 --> Session: Class initialized using 'CodeIgniter\Session\Handlers\FileHandler' driver.
INFO - 2023-09-04 03:42:17 --> Session: Class initialized using 'CodeIgniter\Session\Handlers\FileHandler' driver.
INFO - 2023-09-04 03:42:28 --> Session: Class initialized using 'CodeIgniter\Session\Handlers\FileHandler' driver.
INFO - 2023-09-04 03:42:29 --> Session: Class initialized using 'CodeIgniter\Session\Handlers\FileHandler' driver.
INFO - 2023-09-04 03:43:41 --> Session: Class initialized using 'CodeIgniter\Session\Handlers\FileHandler' driver.
INFO - 2023-09-04 03:43:44 --> Session: Class initialized using 'CodeIgniter\Session\Handlers\FileHandler' driver.
INFO - 2023-09-04 03:43:45 --> Session: Class initialized using 'CodeIgniter\Session\Handlers\FileHandler' driver.
INFO - 2023-09-04 03:43:46 --> Session: Class initialized using 'CodeIgniter\Session\Handlers\FileHandler' driver.
INFO - 2023-09-04 03:46:34 --> Session: Class initialized using 'CodeIgniter\Session\Handlers\FileHandler' driver.
CRITICAL - 2023-09-04 03:46:34 --> Undefined variable $provinces
in APPPATH\Views\provinces-list.php on line 3.
 1 APPPATH\Views\provinces-list.php(3): CodeIgniter\Debug\Exceptions->errorHandler(2, 'Undefined variable $provinces', 'C:\\xampp\\htdocs\\handa-registration\\app\\Views\\provinces-list.php', 3)
 2 SYSTEMPATH\View\View.php(224): include('C:\\xampp\\htdocs\\handa-registration\\app\\Views\\provinces-list.php')
 3 SYSTEMPATH\View\View.php(227): CodeIgniter\View\View->CodeIgniter\View\{closure}()
 4 SYSTEMPATH\Common.php(1180): CodeIgniter\View\View->render('provinces-list', [], true)
 5 APPPATH\Controllers\Registration.php(41): view('provinces-list')
 6 SYSTEMPATH\CodeIgniter.php(932): App\Controllers\Registration->getProvincesList()
 7 SYSTEMPATH\CodeIgniter.php(497): CodeIgniter\CodeIgniter->runController(Object(App\Controllers\Registration))
 8 SYSTEMPATH\CodeIgniter.php(366): CodeIgniter\CodeIgniter->handleRequest(null, Object(Config\Cache), false)
 9 FCPATH\index.php(67): CodeIgniter\CodeIgniter->run()
INFO - 2023-09-04 03:46:47 --> Session: Class initialized using 'CodeIgniter\Session\Handlers\FileHandler' driver.
CRITICAL - 2023-09-04 03:46:47 --> Undefined variable $provinces
in APPPATH\Views\provinces-list.php on line 3.
 1 APPPATH\Views\provinces-list.php(3): CodeIgniter\Debug\Exceptions->errorHandler(2, 'Undefined variable $provinces', 'C:\\xampp\\htdocs\\handa-registration\\app\\Views\\provinces-list.php', 3)
 2 SYSTEMPATH\View\View.php(224): include('C:\\xampp\\htdocs\\handa-registration\\app\\Views\\provinces-list.php')
 3 SYSTEMPATH\View\View.php(227): CodeIgniter\View\View->CodeIgniter\View\{closure}()
 4 SYSTEMPATH\Common.php(1180): CodeIgniter\View\View->render('provinces-list', [], true)
 5 APPPATH\Controllers\Registration.php(41): view('provinces-list')
 6 SYSTEMPATH\CodeIgniter.php(932): App\Controllers\Registration->getProvincesList()
 7 SYSTEMPATH\CodeIgniter.php(497): CodeIgniter\CodeIgniter->runController(Object(App\Controllers\Registration))
 8 SYSTEMPATH\CodeIgniter.php(366): CodeIgniter\CodeIgniter->handleRequest(null, Object(Config\Cache), false)
 9 FCPATH\index.php(67): CodeIgniter\CodeIgniter->run()
INFO - 2023-09-04 03:46:47 --> Session: Class initialized using 'CodeIgniter\Session\Handlers\FileHandler' driver.
CRITICAL - 2023-09-04 03:46:47 --> Undefined variable $provinces
in APPPATH\Views\provinces-list.php on line 3.
 1 APPPATH\Views\provinces-list.php(3): CodeIgniter\Debug\Exceptions->errorHandler(2, 'Undefined variable $provinces', 'C:\\xampp\\htdocs\\handa-registration\\app\\Views\\provinces-list.php', 3)
 2 SYSTEMPATH\View\View.php(224): include('C:\\xampp\\htdocs\\handa-registration\\app\\Views\\provinces-list.php')
 3 SYSTEMPATH\View\View.php(227): CodeIgniter\View\View->CodeIgniter\View\{closure}()
 4 SYSTEMPATH\Common.php(1180): CodeIgniter\View\View->render('provinces-list', [], true)
 5 APPPATH\Controllers\Registration.php(41): view('provinces-list')
 6 SYSTEMPATH\CodeIgniter.php(932): App\Controllers\Registration->getProvincesList()
 7 SYSTEMPATH\CodeIgniter.php(497): CodeIgniter\CodeIgniter->runController(Object(App\Controllers\Registration))
 8 SYSTEMPATH\CodeIgniter.php(366): CodeIgniter\CodeIgniter->handleRequest(null, Object(Config\Cache), false)
 9 FCPATH\index.php(67): CodeIgniter\CodeIgniter->run()
INFO - 2023-09-04 03:46:48 --> Session: Class initialized using 'CodeIgniter\Session\Handlers\FileHandler' driver.
CRITICAL - 2023-09-04 03:46:48 --> Undefined variable $provinces
in APPPATH\Views\provinces-list.php on line 3.
 1 APPPATH\Views\provinces-list.php(3): CodeIgniter\Debug\Exceptions->errorHandler(2, 'Undefined variable $provinces', 'C:\\xampp\\htdocs\\handa-registration\\app\\Views\\provinces-list.php', 3)
 2 SYSTEMPATH\View\View.php(224): include('C:\\xampp\\htdocs\\handa-registration\\app\\Views\\provinces-list.php')
 3 SYSTEMPATH\View\View.php(227): CodeIgniter\View\View->CodeIgniter\View\{closure}()
 4 SYSTEMPATH\Common.php(1180): CodeIgniter\View\View->render('provinces-list', [], true)
 5 APPPATH\Controllers\Registration.php(41): view('provinces-list')
 6 SYSTEMPATH\CodeIgniter.php(932): App\Controllers\Registration->getProvincesList()
 7 SYSTEMPATH\CodeIgniter.php(497): CodeIgniter\CodeIgniter->runController(Object(App\Controllers\Registration))
 8 SYSTEMPATH\CodeIgniter.php(366): CodeIgniter\CodeIgniter->handleRequest(null, Object(Config\Cache), false)
 9 FCPATH\index.php(67): CodeIgniter\CodeIgniter->run()
INFO - 2023-09-04 03:46:48 --> Session: Class initialized using 'CodeIgniter\Session\Handlers\FileHandler' driver.
CRITICAL - 2023-09-04 03:46:48 --> Undefined variable $provinces
in APPPATH\Views\provinces-list.php on line 3.
 1 APPPATH\Views\provinces-list.php(3): CodeIgniter\Debug\Exceptions->errorHandler(2, 'Undefined variable $provinces', 'C:\\xampp\\htdocs\\handa-registration\\app\\Views\\provinces-list.php', 3)
 2 SYSTEMPATH\View\View.php(224): include('C:\\xampp\\htdocs\\handa-registration\\app\\Views\\provinces-list.php')
 3 SYSTEMPATH\View\View.php(227): CodeIgniter\View\View->CodeIgniter\View\{closure}()
 4 SYSTEMPATH\Common.php(1180): CodeIgniter\View\View->render('provinces-list', [], true)
 5 APPPATH\Controllers\Registration.php(41): view('provinces-list')
 6 SYSTEMPATH\CodeIgniter.php(932): App\Controllers\Registration->getProvincesList()
 7 SYSTEMPATH\CodeIgniter.php(497): CodeIgniter\CodeIgniter->runController(Object(App\Controllers\Registration))
 8 SYSTEMPATH\CodeIgniter.php(366): CodeIgniter\CodeIgniter->handleRequest(null, Object(Config\Cache), false)
 9 FCPATH\index.php(67): CodeIgniter\CodeIgniter->run()
INFO - 2023-09-04 03:46:48 --> Session: Class initialized using 'CodeIgniter\Session\Handlers\FileHandler' driver.
CRITICAL - 2023-09-04 03:46:48 --> Undefined variable $provinces
in APPPATH\Views\provinces-list.php on line 3.
 1 APPPATH\Views\provinces-list.php(3): CodeIgniter\Debug\Exceptions->errorHandler(2, 'Undefined variable $provinces', 'C:\\xampp\\htdocs\\handa-registration\\app\\Views\\provinces-list.php', 3)
 2 SYSTEMPATH\View\View.php(224): include('C:\\xampp\\htdocs\\handa-registration\\app\\Views\\provinces-list.php')
 3 SYSTEMPATH\View\View.php(227): CodeIgniter\View\View->CodeIgniter\View\{closure}()
 4 SYSTEMPATH\Common.php(1180): CodeIgniter\View\View->render('provinces-list', [], true)
 5 APPPATH\Controllers\Registration.php(41): view('provinces-list')
 6 SYSTEMPATH\CodeIgniter.php(932): App\Controllers\Registration->getProvincesList()
 7 SYSTEMPATH\CodeIgniter.php(497): CodeIgniter\CodeIgniter->runController(Object(App\Controllers\Registration))
 8 SYSTEMPATH\CodeIgniter.php(366): CodeIgniter\CodeIgniter->handleRequest(null, Object(Config\Cache), false)
 9 FCPATH\index.php(67): CodeIgniter\CodeIgniter->run()
INFO - 2023-09-04 03:46:49 --> Session: Class initialized using 'CodeIgniter\Session\Handlers\FileHandler' driver.
CRITICAL - 2023-09-04 03:46:49 --> Undefined variable $provinces
in APPPATH\Views\provinces-list.php on line 3.
 1 APPPATH\Views\provinces-list.php(3): CodeIgniter\Debug\Exceptions->errorHandler(2, 'Undefined variable $provinces', 'C:\\xampp\\htdocs\\handa-registration\\app\\Views\\provinces-list.php', 3)
 2 SYSTEMPATH\View\View.php(224): include('C:\\xampp\\htdocs\\handa-registration\\app\\Views\\provinces-list.php')
 3 SYSTEMPATH\View\View.php(227): CodeIgniter\View\View->CodeIgniter\View\{closure}()
 4 SYSTEMPATH\Common.php(1180): CodeIgniter\View\View->render('provinces-list', [], true)
 5 APPPATH\Controllers\Registration.php(41): view('provinces-list')
 6 SYSTEMPATH\CodeIgniter.php(932): App\Controllers\Registration->getProvincesList()
 7 SYSTEMPATH\CodeIgniter.php(497): CodeIgniter\CodeIgniter->runController(Object(App\Controllers\Registration))
 8 SYSTEMPATH\CodeIgniter.php(366): CodeIgniter\CodeIgniter->handleRequest(null, Object(Config\Cache), false)
 9 FCPATH\index.php(67): CodeIgniter\CodeIgniter->run()
INFO - 2023-09-04 03:46:49 --> Session: Class initialized using 'CodeIgniter\Session\Handlers\FileHandler' driver.
CRITICAL - 2023-09-04 03:46:49 --> Undefined variable $provinces
in APPPATH\Views\provinces-list.php on line 3.
 1 APPPATH\Views\provinces-list.php(3): CodeIgniter\Debug\Exceptions->errorHandler(2, 'Undefined variable $provinces', 'C:\\xampp\\htdocs\\handa-registration\\app\\Views\\provinces-list.php', 3)
 2 SYSTEMPATH\View\View.php(224): include('C:\\xampp\\htdocs\\handa-registration\\app\\Views\\provinces-list.php')
 3 SYSTEMPATH\View\View.php(227): CodeIgniter\View\View->CodeIgniter\View\{closure}()
 4 SYSTEMPATH\Common.php(1180): CodeIgniter\View\View->render('provinces-list', [], true)
 5 APPPATH\Controllers\Registration.php(41): view('provinces-list')
 6 SYSTEMPATH\CodeIgniter.php(932): App\Controllers\Registration->getProvincesList()
 7 SYSTEMPATH\CodeIgniter.php(497): CodeIgniter\CodeIgniter->runController(Object(App\Controllers\Registration))
 8 SYSTEMPATH\CodeIgniter.php(366): CodeIgniter\CodeIgniter->handleRequest(null, Object(Config\Cache), false)
 9 FCPATH\index.php(67): CodeIgniter\CodeIgniter->run()
INFO - 2023-09-04 03:46:49 --> Session: Class initialized using 'CodeIgniter\Session\Handlers\FileHandler' driver.
CRITICAL - 2023-09-04 03:46:49 --> Undefined variable $provinces
in APPPATH\Views\provinces-list.php on line 3.
 1 APPPATH\Views\provinces-list.php(3): CodeIgniter\Debug\Exceptions->errorHandler(2, 'Undefined variable $provinces', 'C:\\xampp\\htdocs\\handa-registration\\app\\Views\\provinces-list.php', 3)
 2 SYSTEMPATH\View\View.php(224): include('C:\\xampp\\htdocs\\handa-registration\\app\\Views\\provinces-list.php')
 3 SYSTEMPATH\View\View.php(227): CodeIgniter\View\View->CodeIgniter\View\{closure}()
 4 SYSTEMPATH\Common.php(1180): CodeIgniter\View\View->render('provinces-list', [], true)
 5 APPPATH\Controllers\Registration.php(41): view('provinces-list')
 6 SYSTEMPATH\CodeIgniter.php(932): App\Controllers\Registration->getProvincesList()
 7 SYSTEMPATH\CodeIgniter.php(497): CodeIgniter\CodeIgniter->runController(Object(App\Controllers\Registration))
 8 SYSTEMPATH\CodeIgniter.php(366): CodeIgniter\CodeIgniter->handleRequest(null, Object(Config\Cache), false)
 9 FCPATH\index.php(67): CodeIgniter\CodeIgniter->run()
INFO - 2023-09-04 03:46:49 --> Session: Class initialized using 'CodeIgniter\Session\Handlers\FileHandler' driver.
CRITICAL - 2023-09-04 03:46:49 --> Undefined variable $provinces
in APPPATH\Views\provinces-list.php on line 3.
 1 APPPATH\Views\provinces-list.php(3): CodeIgniter\Debug\Exceptions->errorHandler(2, 'Undefined variable $provinces', 'C:\\xampp\\htdocs\\handa-registration\\app\\Views\\provinces-list.php', 3)
 2 SYSTEMPATH\View\View.php(224): include('C:\\xampp\\htdocs\\handa-registration\\app\\Views\\provinces-list.php')
 3 SYSTEMPATH\View\View.php(227): CodeIgniter\View\View->CodeIgniter\View\{closure}()
 4 SYSTEMPATH\Common.php(1180): CodeIgniter\View\View->render('provinces-list', [], true)
 5 APPPATH\Controllers\Registration.php(41): view('provinces-list')
 6 SYSTEMPATH\CodeIgniter.php(932): App\Controllers\Registration->getProvincesList()
 7 SYSTEMPATH\CodeIgniter.php(497): CodeIgniter\CodeIgniter->runController(Object(App\Controllers\Registration))
 8 SYSTEMPATH\CodeIgniter.php(366): CodeIgniter\CodeIgniter->handleRequest(null, Object(Config\Cache), false)
 9 FCPATH\index.php(67): CodeIgniter\CodeIgniter->run()
INFO - 2023-09-04 03:46:49 --> Session: Class initialized using 'CodeIgniter\Session\Handlers\FileHandler' driver.
CRITICAL - 2023-09-04 03:46:49 --> Undefined variable $provinces
in APPPATH\Views\provinces-list.php on line 3.
 1 APPPATH\Views\provinces-list.php(3): CodeIgniter\Debug\Exceptions->errorHandler(2, 'Undefined variable $provinces', 'C:\\xampp\\htdocs\\handa-registration\\app\\Views\\provinces-list.php', 3)
 2 SYSTEMPATH\View\View.php(224): include('C:\\xampp\\htdocs\\handa-registration\\app\\Views\\provinces-list.php')
 3 SYSTEMPATH\View\View.php(227): CodeIgniter\View\View->CodeIgniter\View\{closure}()
 4 SYSTEMPATH\Common.php(1180): CodeIgniter\View\View->render('provinces-list', [], true)
 5 APPPATH\Controllers\Registration.php(41): view('provinces-list')
 6 SYSTEMPATH\CodeIgniter.php(932): App\Controllers\Registration->getProvincesList()
 7 SYSTEMPATH\CodeIgniter.php(497): CodeIgniter\CodeIgniter->runController(Object(App\Controllers\Registration))
 8 SYSTEMPATH\CodeIgniter.php(366): CodeIgniter\CodeIgniter->handleRequest(null, Object(Config\Cache), false)
 9 FCPATH\index.php(67): CodeIgniter\CodeIgniter->run()
INFO - 2023-09-04 03:46:49 --> Session: Class initialized using 'CodeIgniter\Session\Handlers\FileHandler' driver.
CRITICAL - 2023-09-04 03:46:49 --> Undefined variable $provinces
in APPPATH\Views\provinces-list.php on line 3.
 1 APPPATH\Views\provinces-list.php(3): CodeIgniter\Debug\Exceptions->errorHandler(2, 'Undefined variable $provinces', 'C:\\xampp\\htdocs\\handa-registration\\app\\Views\\provinces-list.php', 3)
 2 SYSTEMPATH\View\View.php(224): include('C:\\xampp\\htdocs\\handa-registration\\app\\Views\\provinces-list.php')
 3 SYSTEMPATH\View\View.php(227): CodeIgniter\View\View->CodeIgniter\View\{closure}()
 4 SYSTEMPATH\Common.php(1180): CodeIgniter\View\View->render('provinces-list', [], true)
 5 APPPATH\Controllers\Registration.php(41): view('provinces-list')
 6 SYSTEMPATH\CodeIgniter.php(932): App\Controllers\Registration->getProvincesList()
 7 SYSTEMPATH\CodeIgniter.php(497): CodeIgniter\CodeIgniter->runController(Object(App\Controllers\Registration))
 8 SYSTEMPATH\CodeIgniter.php(366): CodeIgniter\CodeIgniter->handleRequest(null, Object(Config\Cache), false)
 9 FCPATH\index.php(67): CodeIgniter\CodeIgniter->run()
INFO - 2023-09-04 03:46:49 --> Session: Class initialized using 'CodeIgniter\Session\Handlers\FileHandler' driver.
CRITICAL - 2023-09-04 03:46:49 --> Undefined variable $provinces
in APPPATH\Views\provinces-list.php on line 3.
 1 APPPATH\Views\provinces-list.php(3): CodeIgniter\Debug\Exceptions->errorHandler(2, 'Undefined variable $provinces', 'C:\\xampp\\htdocs\\handa-registration\\app\\Views\\provinces-list.php', 3)
 2 SYSTEMPATH\View\View.php(224): include('C:\\xampp\\htdocs\\handa-registration\\app\\Views\\provinces-list.php')
 3 SYSTEMPATH\View\View.php(227): CodeIgniter\View\View->CodeIgniter\View\{closure}()
 4 SYSTEMPATH\Common.php(1180): CodeIgniter\View\View->render('provinces-list', [], true)
 5 APPPATH\Controllers\Registration.php(41): view('provinces-list')
 6 SYSTEMPATH\CodeIgniter.php(932): App\Controllers\Registration->getProvincesList()
 7 SYSTEMPATH\CodeIgniter.php(497): CodeIgniter\CodeIgniter->runController(Object(App\Controllers\Registration))
 8 SYSTEMPATH\CodeIgniter.php(366): CodeIgniter\CodeIgniter->handleRequest(null, Object(Config\Cache), false)
 9 FCPATH\index.php(67): CodeIgniter\CodeIgniter->run()
INFO - 2023-09-04 03:46:52 --> Session: Class initialized using 'CodeIgniter\Session\Handlers\FileHandler' driver.
CRITICAL - 2023-09-04 03:46:52 --> Undefined variable $provinces
in APPPATH\Views\provinces-list.php on line 3.
 1 APPPATH\Views\provinces-list.php(3): CodeIgniter\Debug\Exceptions->errorHandler(2, 'Undefined variable $provinces', 'C:\\xampp\\htdocs\\handa-registration\\app\\Views\\provinces-list.php', 3)
 2 SYSTEMPATH\View\View.php(224): include('C:\\xampp\\htdocs\\handa-registration\\app\\Views\\provinces-list.php')
 3 SYSTEMPATH\View\View.php(227): CodeIgniter\View\View->CodeIgniter\View\{closure}()
 4 SYSTEMPATH\Common.php(1180): CodeIgniter\View\View->render('provinces-list', [], true)
 5 APPPATH\Controllers\Registration.php(41): view('provinces-list')
 6 SYSTEMPATH\CodeIgniter.php(932): App\Controllers\Registration->getProvincesList()
 7 SYSTEMPATH\CodeIgniter.php(497): CodeIgniter\CodeIgniter->runController(Object(App\Controllers\Registration))
 8 SYSTEMPATH\CodeIgniter.php(366): CodeIgniter\CodeIgniter->handleRequest(null, Object(Config\Cache), false)
 9 FCPATH\index.php(67): CodeIgniter\CodeIgniter->run()
INFO - 2023-09-04 03:46:53 --> Session: Class initialized using 'CodeIgniter\Session\Handlers\FileHandler' driver.
CRITICAL - 2023-09-04 03:46:53 --> Undefined variable $provinces
in APPPATH\Views\provinces-list.php on line 3.
 1 APPPATH\Views\provinces-list.php(3): CodeIgniter\Debug\Exceptions->errorHandler(2, 'Undefined variable $provinces', 'C:\\xampp\\htdocs\\handa-registration\\app\\Views\\provinces-list.php', 3)
 2 SYSTEMPATH\View\View.php(224): include('C:\\xampp\\htdocs\\handa-registration\\app\\Views\\provinces-list.php')
 3 SYSTEMPATH\View\View.php(227): CodeIgniter\View\View->CodeIgniter\View\{closure}()
 4 SYSTEMPATH\Common.php(1180): CodeIgniter\View\View->render('provinces-list', [], true)
 5 APPPATH\Controllers\Registration.php(41): view('provinces-list')
 6 SYSTEMPATH\CodeIgniter.php(932): App\Controllers\Registration->getProvincesList()
 7 SYSTEMPATH\CodeIgniter.php(497): CodeIgniter\CodeIgniter->runController(Object(App\Controllers\Registration))
 8 SYSTEMPATH\CodeIgniter.php(366): CodeIgniter\CodeIgniter->handleRequest(null, Object(Config\Cache), false)
 9 FCPATH\index.php(67): CodeIgniter\CodeIgniter->run()
INFO - 2023-09-04 03:46:53 --> Session: Class initialized using 'CodeIgniter\Session\Handlers\FileHandler' driver.
CRITICAL - 2023-09-04 03:46:53 --> Undefined variable $provinces
in APPPATH\Views\provinces-list.php on line 3.
 1 APPPATH\Views\provinces-list.php(3): CodeIgniter\Debug\Exceptions->errorHandler(2, 'Undefined variable $provinces', 'C:\\xampp\\htdocs\\handa-registration\\app\\Views\\provinces-list.php', 3)
 2 SYSTEMPATH\View\View.php(224): include('C:\\xampp\\htdocs\\handa-registration\\app\\Views\\provinces-list.php')
 3 SYSTEMPATH\View\View.php(227): CodeIgniter\View\View->CodeIgniter\View\{closure}()
 4 SYSTEMPATH\Common.php(1180): CodeIgniter\View\View->render('provinces-list', [], true)
 5 APPPATH\Controllers\Registration.php(41): view('provinces-list')
 6 SYSTEMPATH\CodeIgniter.php(932): App\Controllers\Registration->getProvincesList()
 7 SYSTEMPATH\CodeIgniter.php(497): CodeIgniter\CodeIgniter->runController(Object(App\Controllers\Registration))
 8 SYSTEMPATH\CodeIgniter.php(366): CodeIgniter\CodeIgniter->handleRequest(null, Object(Config\Cache), false)
 9 FCPATH\index.php(67): CodeIgniter\CodeIgniter->run()
INFO - 2023-09-04 03:46:54 --> Session: Class initialized using 'CodeIgniter\Session\Handlers\FileHandler' driver.
CRITICAL - 2023-09-04 03:46:54 --> Undefined variable $provinces
in APPPATH\Views\provinces-list.php on line 3.
 1 APPPATH\Views\provinces-list.php(3): CodeIgniter\Debug\Exceptions->errorHandler(2, 'Undefined variable $provinces', 'C:\\xampp\\htdocs\\handa-registration\\app\\Views\\provinces-list.php', 3)
 2 SYSTEMPATH\View\View.php(224): include('C:\\xampp\\htdocs\\handa-registration\\app\\Views\\provinces-list.php')
 3 SYSTEMPATH\View\View.php(227): CodeIgniter\View\View->CodeIgniter\View\{closure}()
 4 SYSTEMPATH\Common.php(1180): CodeIgniter\View\View->render('provinces-list', [], true)
 5 APPPATH\Controllers\Registration.php(41): view('provinces-list')
 6 SYSTEMPATH\CodeIgniter.php(932): App\Controllers\Registration->getProvincesList()
 7 SYSTEMPATH\CodeIgniter.php(497): CodeIgniter\CodeIgniter->runController(Object(App\Controllers\Registration))
 8 SYSTEMPATH\CodeIgniter.php(366): CodeIgniter\CodeIgniter->handleRequest(null, Object(Config\Cache), false)
 9 FCPATH\index.php(67): CodeIgniter\CodeIgniter->run()
INFO - 2023-09-04 03:46:55 --> Session: Class initialized using 'CodeIgniter\Session\Handlers\FileHandler' driver.
CRITICAL - 2023-09-04 03:46:55 --> Undefined variable $provinces
in APPPATH\Views\provinces-list.php on line 3.
 1 APPPATH\Views\provinces-list.php(3): CodeIgniter\Debug\Exceptions->errorHandler(2, 'Undefined variable $provinces', 'C:\\xampp\\htdocs\\handa-registration\\app\\Views\\provinces-list.php', 3)
 2 SYSTEMPATH\View\View.php(224): include('C:\\xampp\\htdocs\\handa-registration\\app\\Views\\provinces-list.php')
 3 SYSTEMPATH\View\View.php(227): CodeIgniter\View\View->CodeIgniter\View\{closure}()
 4 SYSTEMPATH\Common.php(1180): CodeIgniter\View\View->render('provinces-list', [], true)
 5 APPPATH\Controllers\Registration.php(41): view('provinces-list')
 6 SYSTEMPATH\CodeIgniter.php(932): App\Controllers\Registration->getProvincesList()
 7 SYSTEMPATH\CodeIgniter.php(497): CodeIgniter\CodeIgniter->runController(Object(App\Controllers\Registration))
 8 SYSTEMPATH\CodeIgniter.php(366): CodeIgniter\CodeIgniter->handleRequest(null, Object(Config\Cache), false)
 9 FCPATH\index.php(67): CodeIgniter\CodeIgniter->run()
INFO - 2023-09-04 03:47:01 --> Session: Class initialized using 'CodeIgniter\Session\Handlers\FileHandler' driver.
CRITICAL - 2023-09-04 03:47:01 --> Undefined variable $provinces
in APPPATH\Views\provinces-list.php on line 3.
 1 APPPATH\Views\provinces-list.php(3): CodeIgniter\Debug\Exceptions->errorHandler(2, 'Undefined variable $provinces', 'C:\\xampp\\htdocs\\handa-registration\\app\\Views\\provinces-list.php', 3)
 2 SYSTEMPATH\View\View.php(224): include('C:\\xampp\\htdocs\\handa-registration\\app\\Views\\provinces-list.php')
 3 SYSTEMPATH\View\View.php(227): CodeIgniter\View\View->CodeIgniter\View\{closure}()
 4 SYSTEMPATH\Common.php(1180): CodeIgniter\View\View->render('provinces-list', [], true)
 5 APPPATH\Controllers\Registration.php(41): view('provinces-list')
 6 SYSTEMPATH\CodeIgniter.php(932): App\Controllers\Registration->getProvincesList()
 7 SYSTEMPATH\CodeIgniter.php(497): CodeIgniter\CodeIgniter->runController(Object(App\Controllers\Registration))
 8 SYSTEMPATH\CodeIgniter.php(366): CodeIgniter\CodeIgniter->handleRequest(null, Object(Config\Cache), false)
 9 FCPATH\index.php(67): CodeIgniter\CodeIgniter->run()
INFO - 2023-09-04 03:47:14 --> Session: Class initialized using 'CodeIgniter\Session\Handlers\FileHandler' driver.
INFO - 2023-09-04 03:47:15 --> Session: Class initialized using 'CodeIgniter\Session\Handlers\FileHandler' driver.
INFO - 2023-09-04 03:47:35 --> Session: Class initialized using 'CodeIgniter\Session\Handlers\FileHandler' driver.
INFO - 2023-09-04 03:47:40 --> Session: Class initialized using 'CodeIgniter\Session\Handlers\FileHandler' driver.
INFO - 2023-09-04 03:47:42 --> Session: Class initialized using 'CodeIgniter\Session\Handlers\FileHandler' driver.
INFO - 2023-09-04 03:47:50 --> Session: Class initialized using 'CodeIgniter\Session\Handlers\FileHandler' driver.
INFO - 2023-09-04 03:47:51 --> Session: Class initialized using 'CodeIgniter\Session\Handlers\FileHandler' driver.
INFO - 2023-09-04 03:47:52 --> Session: Class initialized using 'CodeIgniter\Session\Handlers\FileHandler' driver.
INFO - 2023-09-04 03:47:52 --> Session: Class initialized using 'CodeIgniter\Session\Handlers\FileHandler' driver.
INFO - 2023-09-04 03:47:52 --> Session: Class initialized using 'CodeIgniter\Session\Handlers\FileHandler' driver.
INFO - 2023-09-04 03:47:52 --> Session: Class initialized using 'CodeIgniter\Session\Handlers\FileHandler' driver.
INFO - 2023-09-04 03:47:52 --> Session: Class initialized using 'CodeIgniter\Session\Handlers\FileHandler' driver.
INFO - 2023-09-04 03:47:53 --> Session: Class initialized using 'CodeIgniter\Session\Handlers\FileHandler' driver.
INFO - 2023-09-04 03:47:53 --> Session: Class initialized using 'CodeIgniter\Session\Handlers\FileHandler' driver.
INFO - 2023-09-04 03:47:53 --> Session: Class initialized using 'CodeIgniter\Session\Handlers\FileHandler' driver.
INFO - 2023-09-04 03:47:53 --> Session: Class initialized using 'CodeIgniter\Session\Handlers\FileHandler' driver.
INFO - 2023-09-04 03:48:40 --> Session: Class initialized using 'CodeIgniter\Session\Handlers\FileHandler' driver.
INFO - 2023-09-04 03:48:45 --> Session: Class initialized using 'CodeIgniter\Session\Handlers\FileHandler' driver.
INFO - 2023-09-04 03:48:50 --> Session: Class initialized using 'CodeIgniter\Session\Handlers\FileHandler' driver.
INFO - 2023-09-04 03:48:51 --> Session: Class initialized using 'CodeIgniter\Session\Handlers\FileHandler' driver.
INFO - 2023-09-04 03:48:56 --> Session: Class initialized using 'CodeIgniter\Session\Handlers\FileHandler' driver.
INFO - 2023-09-04 03:49:00 --> Session: Class initialized using 'CodeIgniter\Session\Handlers\FileHandler' driver.
INFO - 2023-09-04 03:49:04 --> Session: Class initialized using 'CodeIgniter\Session\Handlers\FileHandler' driver.
INFO - 2023-09-04 03:52:01 --> Session: Class initialized using 'CodeIgniter\Session\Handlers\FileHandler' driver.
INFO - 2023-09-04 03:53:04 --> Session: Class initialized using 'CodeIgniter\Session\Handlers\FileHandler' driver.
INFO - 2023-09-04 03:53:23 --> Session: Class initialized using 'CodeIgniter\Session\Handlers\FileHandler' driver.
INFO - 2023-09-04 03:53:51 --> Session: Class initialized using 'CodeIgniter\Session\Handlers\FileHandler' driver.
WARNING - 2023-09-04 03:53:51 --> [DEPRECATED] Implicit conversion from float 0.5 to int loses precision in APPPATH\Libraries\qrcode\qrencode.php on line 141.
 1 APPPATH\Libraries\qrcode\qrencode.php(188): App\Libraries\QRrawcode->getCode()
 2 APPPATH\Libraries\qrcode\qrencode.php(241): App\Libraries\QRcode->encodeMask(Object(App\Libraries\QRinput), -1)
 3 APPPATH\Libraries\qrcode\qrencode.php(280): App\Libraries\QRcode->encodeInput(Object(App\Libraries\QRinput))
 4 APPPATH\Libraries\qrcode\qrencode.php(468): App\Libraries\QRcode->encodeString('pagsubay/HDP2023001', 0, 3, 2, true)
 5 APPPATH\Libraries\qrcode\qrencode.php(486): App\Libraries\QRencode->encode('pagsubay/HDP2023001')
 6 APPPATH\Libraries\qrcode\qrencode.php(287): App\Libraries\QRencode->encodePNG('pagsubay/HDP2023001', 'C:\\xampp\\htdocs\\handa-registration\\uploads/qr/HDP2023001.png', false)
 7 APPPATH\Libraries\Ciqrcode.php(97): App\Libraries\QRcode::png('pagsubay/HDP2023001', 'C:\\xampp\\htdocs\\handa-registration\\uploads/qr/HDP2023001.png', 'H', 8, 2)
 8 APPPATH\Controllers\Registration.php(86): App\Libraries\Ciqrcode->generate([...])
 9 APPPATH\Controllers\Registration.php(66): App\Controllers\Registration->generateQRCode('pagsubay', 'HDP2023001')
10 SYSTEMPATH\CodeIgniter.php(932): App\Controllers\Registration->registerProccess()
11 SYSTEMPATH\CodeIgniter.php(497): CodeIgniter\CodeIgniter->runController(Object(App\Controllers\Registration))
12 SYSTEMPATH\CodeIgniter.php(366): CodeIgniter\CodeIgniter->handleRequest(null, Object(Config\Cache), false)
13 FCPATH\index.php(67): CodeIgniter\CodeIgniter->run()
WARNING - 2023-09-04 03:53:51 --> [DEPRECATED] Implicit conversion from float 1.5 to int loses precision in APPPATH\Libraries\qrcode\qrencode.php on line 141.
 1 APPPATH\Libraries\qrcode\qrencode.php(188): App\Libraries\QRrawcode->getCode()
 2 APPPATH\Libraries\qrcode\qrencode.php(241): App\Libraries\QRcode->encodeMask(Object(App\Libraries\QRinput), -1)
 3 APPPATH\Libraries\qrcode\qrencode.php(280): App\Libraries\QRcode->encodeInput(Object(App\Libraries\QRinput))
 4 APPPATH\Libraries\qrcode\qrencode.php(468): App\Libraries\QRcode->encodeString('pagsubay/HDP2023001', 0, 3, 2, true)
 5 APPPATH\Libraries\qrcode\qrencode.php(486): App\Libraries\QRencode->encode('pagsubay/HDP2023001')
 6 APPPATH\Libraries\qrcode\qrencode.php(287): App\Libraries\QRencode->encodePNG('pagsubay/HDP2023001', 'C:\\xampp\\htdocs\\handa-registration\\uploads/qr/HDP2023001.png', false)
 7 APPPATH\Libraries\Ciqrcode.php(97): App\Libraries\QRcode::png('pagsubay/HDP2023001', 'C:\\xampp\\htdocs\\handa-registration\\uploads/qr/HDP2023001.png', 'H', 8, 2)
 8 APPPATH\Controllers\Registration.php(86): App\Libraries\Ciqrcode->generate([...])
 9 APPPATH\Controllers\Registration.php(66): App\Controllers\Registration->generateQRCode('pagsubay', 'HDP2023001')
10 SYSTEMPATH\CodeIgniter.php(932): App\Controllers\Registration->registerProccess()
11 SYSTEMPATH\CodeIgniter.php(497): CodeIgniter\CodeIgniter->runController(Object(App\Controllers\Registration))
12 SYSTEMPATH\CodeIgniter.php(366): CodeIgniter\CodeIgniter->handleRequest(null, Object(Config\Cache), false)
13 FCPATH\index.php(67): CodeIgniter\CodeIgniter->run()
WARNING - 2023-09-04 03:53:51 --> [DEPRECATED] Implicit conversion from float 2.5 to int loses precision in APPPATH\Libraries\qrcode\qrencode.php on line 141.
 1 APPPATH\Libraries\qrcode\qrencode.php(188): App\Libraries\QRrawcode->getCode()
 2 APPPATH\Libraries\qrcode\qrencode.php(241): App\Libraries\QRcode->encodeMask(Object(App\Libraries\QRinput), -1)
 3 APPPATH\Libraries\qrcode\qrencode.php(280): App\Libraries\QRcode->encodeInput(Object(App\Libraries\QRinput))
 4 APPPATH\Libraries\qrcode\qrencode.php(468): App\Libraries\QRcode->encodeString('pagsubay/HDP2023001', 0, 3, 2, true)
 5 APPPATH\Libraries\qrcode\qrencode.php(486): App\Libraries\QRencode->encode('pagsubay/HDP2023001')
 6 APPPATH\Libraries\qrcode\qrencode.php(287): App\Libraries\QRencode->encodePNG('pagsubay/HDP2023001', 'C:\\xampp\\htdocs\\handa-registration\\uploads/qr/HDP2023001.png', false)
 7 APPPATH\Libraries\Ciqrcode.php(97): App\Libraries\QRcode::png('pagsubay/HDP2023001', 'C:\\xampp\\htdocs\\handa-registration\\uploads/qr/HDP2023001.png', 'H', 8, 2)
 8 APPPATH\Controllers\Registration.php(86): App\Libraries\Ciqrcode->generate([...])
 9 APPPATH\Controllers\Registration.php(66): App\Controllers\Registration->generateQRCode('pagsubay', 'HDP2023001')
10 SYSTEMPATH\CodeIgniter.php(932): App\Controllers\Registration->registerProccess()
11 SYSTEMPATH\CodeIgniter.php(497): CodeIgniter\CodeIgniter->runController(Object(App\Controllers\Registration))
12 SYSTEMPATH\CodeIgniter.php(366): CodeIgniter\CodeIgniter->handleRequest(null, Object(Config\Cache), false)
13 FCPATH\index.php(67): CodeIgniter\CodeIgniter->run()
WARNING - 2023-09-04 03:53:51 --> [DEPRECATED] Implicit conversion from float 3.5 to int loses precision in APPPATH\Libraries\qrcode\qrencode.php on line 141.
 1 APPPATH\Libraries\qrcode\qrencode.php(188): App\Libraries\QRrawcode->getCode()
 2 APPPATH\Libraries\qrcode\qrencode.php(241): App\Libraries\QRcode->encodeMask(Object(App\Libraries\QRinput), -1)
 3 APPPATH\Libraries\qrcode\qrencode.php(280): App\Libraries\QRcode->encodeInput(Object(App\Libraries\QRinput))
 4 APPPATH\Libraries\qrcode\qrencode.php(468): App\Libraries\QRcode->encodeString('pagsubay/HDP2023001', 0, 3, 2, true)
 5 APPPATH\Libraries\qrcode\qrencode.php(486): App\Libraries\QRencode->encode('pagsubay/HDP2023001')
 6 APPPATH\Libraries\qrcode\qrencode.php(287): App\Libraries\QRencode->encodePNG('pagsubay/HDP2023001', 'C:\\xampp\\htdocs\\handa-registration\\uploads/qr/HDP2023001.png', false)
 7 APPPATH\Libraries\Ciqrcode.php(97): App\Libraries\QRcode::png('pagsubay/HDP2023001', 'C:\\xampp\\htdocs\\handa-registration\\uploads/qr/HDP2023001.png', 'H', 8, 2)
 8 APPPATH\Controllers\Registration.php(86): App\Libraries\Ciqrcode->generate([...])
 9 APPPATH\Controllers\Registration.php(66): App\Controllers\Registration->generateQRCode('pagsubay', 'HDP2023001')
10 SYSTEMPATH\CodeIgniter.php(932): App\Controllers\Registration->registerProccess()
11 SYSTEMPATH\CodeIgniter.php(497): CodeIgniter\CodeIgniter->runController(Object(App\Controllers\Registration))
12 SYSTEMPATH\CodeIgniter.php(366): CodeIgniter\CodeIgniter->handleRequest(null, Object(Config\Cache), false)
13 FCPATH\index.php(67): CodeIgniter\CodeIgniter->run()
WARNING - 2023-09-04 03:53:51 --> [DEPRECATED] Implicit conversion from float 4.5 to int loses precision in APPPATH\Libraries\qrcode\qrencode.php on line 141.
 1 APPPATH\Libraries\qrcode\qrencode.php(188): App\Libraries\QRrawcode->getCode()
 2 APPPATH\Libraries\qrcode\qrencode.php(241): App\Libraries\QRcode->encodeMask(Object(App\Libraries\QRinput), -1)
 3 APPPATH\Libraries\qrcode\qrencode.php(280): App\Libraries\QRcode->encodeInput(Object(App\Libraries\QRinput))
 4 APPPATH\Libraries\qrcode\qrencode.php(468): App\Libraries\QRcode->encodeString('pagsubay/HDP2023001', 0, 3, 2, true)
 5 APPPATH\Libraries\qrcode\qrencode.php(486): App\Libraries\QRencode->encode('pagsubay/HDP2023001')
 6 APPPATH\Libraries\qrcode\qrencode.php(287): App\Libraries\QRencode->encodePNG('pagsubay/HDP2023001', 'C:\\xampp\\htdocs\\handa-registration\\uploads/qr/HDP2023001.png', false)
 7 APPPATH\Libraries\Ciqrcode.php(97): App\Libraries\QRcode::png('pagsubay/HDP2023001', 'C:\\xampp\\htdocs\\handa-registration\\uploads/qr/HDP2023001.png', 'H', 8, 2)
 8 APPPATH\Controllers\Registration.php(86): App\Libraries\Ciqrcode->generate([...])
 9 APPPATH\Controllers\Registration.php(66): App\Controllers\Registration->generateQRCode('pagsubay', 'HDP2023001')
10 SYSTEMPATH\CodeIgniter.php(932): App\Controllers\Registration->registerProccess()
11 SYSTEMPATH\CodeIgniter.php(497): CodeIgniter\CodeIgniter->runController(Object(App\Controllers\Registration))
12 SYSTEMPATH\CodeIgniter.php(366): CodeIgniter\CodeIgniter->handleRequest(null, Object(Config\Cache), false)
13 FCPATH\index.php(67): CodeIgniter\CodeIgniter->run()
WARNING - 2023-09-04 03:53:51 --> [DEPRECATED] Implicit conversion from float 5.5 to int loses precision in APPPATH\Libraries\qrcode\qrencode.php on line 141.
 1 APPPATH\Libraries\qrcode\qrencode.php(188): App\Libraries\QRrawcode->getCode()
 2 APPPATH\Libraries\qrcode\qrencode.php(241): App\Libraries\QRcode->encodeMask(Object(App\Libraries\QRinput), -1)
 3 APPPATH\Libraries\qrcode\qrencode.php(280): App\Libraries\QRcode->encodeInput(Object(App\Libraries\QRinput))
 4 APPPATH\Libraries\qrcode\qrencode.php(468): App\Libraries\QRcode->encodeString('pagsubay/HDP2023001', 0, 3, 2, true)
 5 APPPATH\Libraries\qrcode\qrencode.php(486): App\Libraries\QRencode->encode('pagsubay/HDP2023001')
 6 APPPATH\Libraries\qrcode\qrencode.php(287): App\Libraries\QRencode->encodePNG('pagsubay/HDP2023001', 'C:\\xampp\\htdocs\\handa-registration\\uploads/qr/HDP2023001.png', false)
 7 APPPATH\Libraries\Ciqrcode.php(97): App\Libraries\QRcode::png('pagsubay/HDP2023001', 'C:\\xampp\\htdocs\\handa-registration\\uploads/qr/HDP2023001.png', 'H', 8, 2)
 8 APPPATH\Controllers\Registration.php(86): App\Libraries\Ciqrcode->generate([...])
 9 APPPATH\Controllers\Registration.php(66): App\Controllers\Registration->generateQRCode('pagsubay', 'HDP2023001')
10 SYSTEMPATH\CodeIgniter.php(932): App\Controllers\Registration->registerProccess()
11 SYSTEMPATH\CodeIgniter.php(497): CodeIgniter\CodeIgniter->runController(Object(App\Controllers\Registration))
12 SYSTEMPATH\CodeIgniter.php(366): CodeIgniter\CodeIgniter->handleRequest(null, Object(Config\Cache), false)
13 FCPATH\index.php(67): CodeIgniter\CodeIgniter->run()
WARNING - 2023-09-04 03:53:51 --> [DEPRECATED] Implicit conversion from float 6.5 to int loses precision in APPPATH\Libraries\qrcode\qrencode.php on line 141.
 1 APPPATH\Libraries\qrcode\qrencode.php(188): App\Libraries\QRrawcode->getCode()
 2 APPPATH\Libraries\qrcode\qrencode.php(241): App\Libraries\QRcode->encodeMask(Object(App\Libraries\QRinput), -1)
 3 APPPATH\Libraries\qrcode\qrencode.php(280): App\Libraries\QRcode->encodeInput(Object(App\Libraries\QRinput))
 4 APPPATH\Libraries\qrcode\qrencode.php(468): App\Libraries\QRcode->encodeString('pagsubay/HDP2023001', 0, 3, 2, true)
 5 APPPATH\Libraries\qrcode\qrencode.php(486): App\Libraries\QRencode->encode('pagsubay/HDP2023001')
 6 APPPATH\Libraries\qrcode\qrencode.php(287): App\Libraries\QRencode->encodePNG('pagsubay/HDP2023001', 'C:\\xampp\\htdocs\\handa-registration\\uploads/qr/HDP2023001.png', false)
 7 APPPATH\Libraries\Ciqrcode.php(97): App\Libraries\QRcode::png('pagsubay/HDP2023001', 'C:\\xampp\\htdocs\\handa-registration\\uploads/qr/HDP2023001.png', 'H', 8, 2)
 8 APPPATH\Controllers\Registration.php(86): App\Libraries\Ciqrcode->generate([...])
 9 APPPATH\Controllers\Registration.php(66): App\Controllers\Registration->generateQRCode('pagsubay', 'HDP2023001')
10 SYSTEMPATH\CodeIgniter.php(932): App\Controllers\Registration->registerProccess()
11 SYSTEMPATH\CodeIgniter.php(497): CodeIgniter\CodeIgniter->runController(Object(App\Controllers\Registration))
12 SYSTEMPATH\CodeIgniter.php(366): CodeIgniter\CodeIgniter->handleRequest(null, Object(Config\Cache), false)
13 FCPATH\index.php(67): CodeIgniter\CodeIgniter->run()
WARNING - 2023-09-04 03:53:51 --> [DEPRECATED] Implicit conversion from float 7.5 to int loses precision in APPPATH\Libraries\qrcode\qrencode.php on line 141.
 1 APPPATH\Libraries\qrcode\qrencode.php(188): App\Libraries\QRrawcode->getCode()
 2 APPPATH\Libraries\qrcode\qrencode.php(241): App\Libraries\QRcode->encodeMask(Object(App\Libraries\QRinput), -1)
 3 APPPATH\Libraries\qrcode\qrencode.php(280): App\Libraries\QRcode->encodeInput(Object(App\Libraries\QRinput))
 4 APPPATH\Libraries\qrcode\qrencode.php(468): App\Libraries\QRcode->encodeString('pagsubay/HDP2023001', 0, 3, 2, true)
 5 APPPATH\Libraries\qrcode\qrencode.php(486): App\Libraries\QRencode->encode('pagsubay/HDP2023001')
 6 APPPATH\Libraries\qrcode\qrencode.php(287): App\Libraries\QRencode->encodePNG('pagsubay/HDP2023001', 'C:\\xampp\\htdocs\\handa-registration\\uploads/qr/HDP2023001.png', false)
 7 APPPATH\Libraries\Ciqrcode.php(97): App\Libraries\QRcode::png('pagsubay/HDP2023001', 'C:\\xampp\\htdocs\\handa-registration\\uploads/qr/HDP2023001.png', 'H', 8, 2)
 8 APPPATH\Controllers\Registration.php(86): App\Libraries\Ciqrcode->generate([...])
 9 APPPATH\Controllers\Registration.php(66): App\Controllers\Registration->generateQRCode('pagsubay', 'HDP2023001')
10 SYSTEMPATH\CodeIgniter.php(932): App\Controllers\Registration->registerProccess()
11 SYSTEMPATH\CodeIgniter.php(497): CodeIgniter\CodeIgniter->runController(Object(App\Controllers\Registration))
12 SYSTEMPATH\CodeIgniter.php(366): CodeIgniter\CodeIgniter->handleRequest(null, Object(Config\Cache), false)
13 FCPATH\index.php(67): CodeIgniter\CodeIgniter->run()
WARNING - 2023-09-04 03:53:51 --> [DEPRECATED] Implicit conversion from float 8.5 to int loses precision in APPPATH\Libraries\qrcode\qrencode.php on line 141.
 1 APPPATH\Libraries\qrcode\qrencode.php(188): App\Libraries\QRrawcode->getCode()
 2 APPPATH\Libraries\qrcode\qrencode.php(241): App\Libraries\QRcode->encodeMask(Object(App\Libraries\QRinput), -1)
 3 APPPATH\Libraries\qrcode\qrencode.php(280): App\Libraries\QRcode->encodeInput(Object(App\Libraries\QRinput))
 4 APPPATH\Libraries\qrcode\qrencode.php(468): App\Libraries\QRcode->encodeString('pagsubay/HDP2023001', 0, 3, 2, true)
 5 APPPATH\Libraries\qrcode\qrencode.php(486): App\Libraries\QRencode->encode('pagsubay/HDP2023001')
 6 APPPATH\Libraries\qrcode\qrencode.php(287): App\Libraries\QRencode->encodePNG('pagsubay/HDP2023001', 'C:\\xampp\\htdocs\\handa-registration\\uploads/qr/HDP2023001.png', false)
 7 APPPATH\Libraries\Ciqrcode.php(97): App\Libraries\QRcode::png('pagsubay/HDP2023001', 'C:\\xampp\\htdocs\\handa-registration\\uploads/qr/HDP2023001.png', 'H', 8, 2)
 8 APPPATH\Controllers\Registration.php(86): App\Libraries\Ciqrcode->generate([...])
 9 APPPATH\Controllers\Registration.php(66): App\Controllers\Registration->generateQRCode('pagsubay', 'HDP2023001')
10 SYSTEMPATH\CodeIgniter.php(932): App\Controllers\Registration->registerProccess()
11 SYSTEMPATH\CodeIgniter.php(497): CodeIgniter\CodeIgniter->runController(Object(App\Controllers\Registration))
12 SYSTEMPATH\CodeIgniter.php(366): CodeIgniter\CodeIgniter->handleRequest(null, Object(Config\Cache), false)
13 FCPATH\index.php(67): CodeIgniter\CodeIgniter->run()
WARNING - 2023-09-04 03:53:51 --> [DEPRECATED] Implicit conversion from float 9.5 to int loses precision in APPPATH\Libraries\qrcode\qrencode.php on line 141.
 1 APPPATH\Libraries\qrcode\qrencode.php(188): App\Libraries\QRrawcode->getCode()
 2 APPPATH\Libraries\qrcode\qrencode.php(241): App\Libraries\QRcode->encodeMask(Object(App\Libraries\QRinput), -1)
 3 APPPATH\Libraries\qrcode\qrencode.php(280): App\Libraries\QRcode->encodeInput(Object(App\Libraries\QRinput))
 4 APPPATH\Libraries\qrcode\qrencode.php(468): App\Libraries\QRcode->encodeString('pagsubay/HDP2023001', 0, 3, 2, true)
 5 APPPATH\Libraries\qrcode\qrencode.php(486): App\Libraries\QRencode->encode('pagsubay/HDP2023001')
 6 APPPATH\Libraries\qrcode\qrencode.php(287): App\Libraries\QRencode->encodePNG('pagsubay/HDP2023001', 'C:\\xampp\\htdocs\\handa-registration\\uploads/qr/HDP2023001.png', false)
 7 APPPATH\Libraries\Ciqrcode.php(97): App\Libraries\QRcode::png('pagsubay/HDP2023001', 'C:\\xampp\\htdocs\\handa-registration\\uploads/qr/HDP2023001.png', 'H', 8, 2)
 8 APPPATH\Controllers\Registration.php(86): App\Libraries\Ciqrcode->generate([...])
 9 APPPATH\Controllers\Registration.php(66): App\Controllers\Registration->generateQRCode('pagsubay', 'HDP2023001')
10 SYSTEMPATH\CodeIgniter.php(932): App\Controllers\Registration->registerProccess()
11 SYSTEMPATH\CodeIgniter.php(497): CodeIgniter\CodeIgniter->runController(Object(App\Controllers\Registration))
12 SYSTEMPATH\CodeIgniter.php(366): CodeIgniter\CodeIgniter->handleRequest(null, Object(Config\Cache), false)
13 FCPATH\index.php(67): CodeIgniter\CodeIgniter->run()
WARNING - 2023-09-04 03:53:51 --> [DEPRECATED] Implicit conversion from float 10.5 to int loses precision in APPPATH\Libraries\qrcode\qrencode.php on line 141.
 1 APPPATH\Libraries\qrcode\qrencode.php(188): App\Libraries\QRrawcode->getCode()
 2 APPPATH\Libraries\qrcode\qrencode.php(241): App\Libraries\QRcode->encodeMask(Object(App\Libraries\QRinput), -1)
 3 APPPATH\Libraries\qrcode\qrencode.php(280): App\Libraries\QRcode->encodeInput(Object(App\Libraries\QRinput))
 4 APPPATH\Libraries\qrcode\qrencode.php(468): App\Libraries\QRcode->encodeString('pagsubay/HDP2023001', 0, 3, 2, true)
 5 APPPATH\Libraries\qrcode\qrencode.php(486): App\Libraries\QRencode->encode('pagsubay/HDP2023001')
 6 APPPATH\Libraries\qrcode\qrencode.php(287): App\Libraries\QRencode->encodePNG('pagsubay/HDP2023001', 'C:\\xampp\\htdocs\\handa-registration\\uploads/qr/HDP2023001.png', false)
 7 APPPATH\Libraries\Ciqrcode.php(97): App\Libraries\QRcode::png('pagsubay/HDP2023001', 'C:\\xampp\\htdocs\\handa-registration\\uploads/qr/HDP2023001.png', 'H', 8, 2)
 8 APPPATH\Controllers\Registration.php(86): App\Libraries\Ciqrcode->generate([...])
 9 APPPATH\Controllers\Registration.php(66): App\Controllers\Registration->generateQRCode('pagsubay', 'HDP2023001')
10 SYSTEMPATH\CodeIgniter.php(932): App\Controllers\Registration->registerProccess()
11 SYSTEMPATH\CodeIgniter.php(497): CodeIgniter\CodeIgniter->runController(Object(App\Controllers\Registration))
12 SYSTEMPATH\CodeIgniter.php(366): CodeIgniter\CodeIgniter->handleRequest(null, Object(Config\Cache), false)
13 FCPATH\index.php(67): CodeIgniter\CodeIgniter->run()
WARNING - 2023-09-04 03:53:51 --> [DEPRECATED] Implicit conversion from float 11.5 to int loses precision in APPPATH\Libraries\qrcode\qrencode.php on line 141.
 1 APPPATH\Libraries\qrcode\qrencode.php(188): App\Libraries\QRrawcode->getCode()
 2 APPPATH\Libraries\qrcode\qrencode.php(241): App\Libraries\QRcode->encodeMask(Object(App\Libraries\QRinput), -1)
 3 APPPATH\Libraries\qrcode\qrencode.php(280): App\Libraries\QRcode->encodeInput(Object(App\Libraries\QRinput))
 4 APPPATH\Libraries\qrcode\qrencode.php(468): App\Libraries\QRcode->encodeString('pagsubay/HDP2023001', 0, 3, 2, true)
 5 APPPATH\Libraries\qrcode\qrencode.php(486): App\Libraries\QRencode->encode('pagsubay/HDP2023001')
 6 APPPATH\Libraries\qrcode\qrencode.php(287): App\Libraries\QRencode->encodePNG('pagsubay/HDP2023001', 'C:\\xampp\\htdocs\\handa-registration\\uploads/qr/HDP2023001.png', false)
 7 APPPATH\Libraries\Ciqrcode.php(97): App\Libraries\QRcode::png('pagsubay/HDP2023001', 'C:\\xampp\\htdocs\\handa-registration\\uploads/qr/HDP2023001.png', 'H', 8, 2)
 8 APPPATH\Controllers\Registration.php(86): App\Libraries\Ciqrcode->generate([...])
 9 APPPATH\Controllers\Registration.php(66): App\Controllers\Registration->generateQRCode('pagsubay', 'HDP2023001')
10 SYSTEMPATH\CodeIgniter.php(932): App\Controllers\Registration->registerProccess()
11 SYSTEMPATH\CodeIgniter.php(497): CodeIgniter\CodeIgniter->runController(Object(App\Controllers\Registration))
12 SYSTEMPATH\CodeIgniter.php(366): CodeIgniter\CodeIgniter->handleRequest(null, Object(Config\Cache), false)
13 FCPATH\index.php(67): CodeIgniter\CodeIgniter->run()
WARNING - 2023-09-04 03:53:51 --> [DEPRECATED] Implicit conversion from float 12.5 to int loses precision in APPPATH\Libraries\qrcode\qrencode.php on line 141.
 1 APPPATH\Libraries\qrcode\qrencode.php(188): App\Libraries\QRrawcode->getCode()
 2 APPPATH\Libraries\qrcode\qrencode.php(241): App\Libraries\QRcode->encodeMask(Object(App\Libraries\QRinput), -1)
 3 APPPATH\Libraries\qrcode\qrencode.php(280): App\Libraries\QRcode->encodeInput(Object(App\Libraries\QRinput))
 4 APPPATH\Libraries\qrcode\qrencode.php(468): App\Libraries\QRcode->encodeString('pagsubay/HDP2023001', 0, 3, 2, true)
 5 APPPATH\Libraries\qrcode\qrencode.php(486): App\Libraries\QRencode->encode('pagsubay/HDP2023001')
 6 APPPATH\Libraries\qrcode\qrencode.php(287): App\Libraries\QRencode->encodePNG('pagsubay/HDP2023001', 'C:\\xampp\\htdocs\\handa-registration\\uploads/qr/HDP2023001.png', false)
 7 APPPATH\Libraries\Ciqrcode.php(97): App\Libraries\QRcode::png('pagsubay/HDP2023001', 'C:\\xampp\\htdocs\\handa-registration\\uploads/qr/HDP2023001.png', 'H', 8, 2)
 8 APPPATH\Controllers\Registration.php(86): App\Libraries\Ciqrcode->generate([...])
 9 APPPATH\Controllers\Registration.php(66): App\Controllers\Registration->generateQRCode('pagsubay', 'HDP2023001')
10 SYSTEMPATH\CodeIgniter.php(932): App\Controllers\Registration->registerProccess()
11 SYSTEMPATH\CodeIgniter.php(497): CodeIgniter\CodeIgniter->runController(Object(App\Controllers\Registration))
12 SYSTEMPATH\CodeIgniter.php(366): CodeIgniter\CodeIgniter->handleRequest(null, Object(Config\Cache), false)
13 FCPATH\index.php(67): CodeIgniter\CodeIgniter->run()
WARNING - 2023-09-04 03:53:51 --> [DEPRECATED] Implicit conversion from float 0.5 to int loses precision in APPPATH\Libraries\qrcode\qrencode.php on line 145.
 1 APPPATH\Libraries\qrcode\qrencode.php(188): App\Libraries\QRrawcode->getCode()
 2 APPPATH\Libraries\qrcode\qrencode.php(241): App\Libraries\QRcode->encodeMask(Object(App\Libraries\QRinput), -1)
 3 APPPATH\Libraries\qrcode\qrencode.php(280): App\Libraries\QRcode->encodeInput(Object(App\Libraries\QRinput))
 4 APPPATH\Libraries\qrcode\qrencode.php(468): App\Libraries\QRcode->encodeString('pagsubay/HDP2023001', 0, 3, 2, true)
 5 APPPATH\Libraries\qrcode\qrencode.php(486): App\Libraries\QRencode->encode('pagsubay/HDP2023001')
 6 APPPATH\Libraries\qrcode\qrencode.php(287): App\Libraries\QRencode->encodePNG('pagsubay/HDP2023001', 'C:\\xampp\\htdocs\\handa-registration\\uploads/qr/HDP2023001.png', false)
 7 APPPATH\Libraries\Ciqrcode.php(97): App\Libraries\QRcode::png('pagsubay/HDP2023001', 'C:\\xampp\\htdocs\\handa-registration\\uploads/qr/HDP2023001.png', 'H', 8, 2)
 8 APPPATH\Controllers\Registration.php(86): App\Libraries\Ciqrcode->generate([...])
 9 APPPATH\Controllers\Registration.php(66): App\Controllers\Registration->generateQRCode('pagsubay', 'HDP2023001')
10 SYSTEMPATH\CodeIgniter.php(932): App\Controllers\Registration->registerProccess()
11 SYSTEMPATH\CodeIgniter.php(497): CodeIgniter\CodeIgniter->runController(Object(App\Controllers\Registration))
12 SYSTEMPATH\CodeIgniter.php(366): CodeIgniter\CodeIgniter->handleRequest(null, Object(Config\Cache), false)
13 FCPATH\index.php(67): CodeIgniter\CodeIgniter->run()
WARNING - 2023-09-04 03:53:51 --> [DEPRECATED] Implicit conversion from float 1.5 to int loses precision in APPPATH\Libraries\qrcode\qrencode.php on line 145.
 1 APPPATH\Libraries\qrcode\qrencode.php(188): App\Libraries\QRrawcode->getCode()
 2 APPPATH\Libraries\qrcode\qrencode.php(241): App\Libraries\QRcode->encodeMask(Object(App\Libraries\QRinput), -1)
 3 APPPATH\Libraries\qrcode\qrencode.php(280): App\Libraries\QRcode->encodeInput(Object(App\Libraries\QRinput))
 4 APPPATH\Libraries\qrcode\qrencode.php(468): App\Libraries\QRcode->encodeString('pagsubay/HDP2023001', 0, 3, 2, true)
 5 APPPATH\Libraries\qrcode\qrencode.php(486): App\Libraries\QRencode->encode('pagsubay/HDP2023001')
 6 APPPATH\Libraries\qrcode\qrencode.php(287): App\Libraries\QRencode->encodePNG('pagsubay/HDP2023001', 'C:\\xampp\\htdocs\\handa-registration\\uploads/qr/HDP2023001.png', false)
 7 APPPATH\Libraries\Ciqrcode.php(97): App\Libraries\QRcode::png('pagsubay/HDP2023001', 'C:\\xampp\\htdocs\\handa-registration\\uploads/qr/HDP2023001.png', 'H', 8, 2)
 8 APPPATH\Controllers\Registration.php(86): App\Libraries\Ciqrcode->generate([...])
 9 APPPATH\Controllers\Registration.php(66): App\Controllers\Registration->generateQRCode('pagsubay', 'HDP2023001')
10 SYSTEMPATH\CodeIgniter.php(932): App\Controllers\Registration->registerProccess()
11 SYSTEMPATH\CodeIgniter.php(497): CodeIgniter\CodeIgniter->runController(Object(App\Controllers\Registration))
12 SYSTEMPATH\CodeIgniter.php(366): CodeIgniter\CodeIgniter->handleRequest(null, Object(Config\Cache), false)
13 FCPATH\index.php(67): CodeIgniter\CodeIgniter->run()
WARNING - 2023-09-04 03:53:51 --> [DEPRECATED] Implicit conversion from float 2.5 to int loses precision in APPPATH\Libraries\qrcode\qrencode.php on line 145.
 1 APPPATH\Libraries\qrcode\qrencode.php(188): App\Libraries\QRrawcode->getCode()
 2 APPPATH\Libraries\qrcode\qrencode.php(241): App\Libraries\QRcode->encodeMask(Object(App\Libraries\QRinput), -1)
 3 APPPATH\Libraries\qrcode\qrencode.php(280): App\Libraries\QRcode->encodeInput(Object(App\Libraries\QRinput))
 4 APPPATH\Libraries\qrcode\qrencode.php(468): App\Libraries\QRcode->encodeString('pagsubay/HDP2023001', 0, 3, 2, true)
 5 APPPATH\Libraries\qrcode\qrencode.php(486): App\Libraries\QRencode->encode('pagsubay/HDP2023001')
 6 APPPATH\Libraries\qrcode\qrencode.php(287): App\Libraries\QRencode->encodePNG('pagsubay/HDP2023001', 'C:\\xampp\\htdocs\\handa-registration\\uploads/qr/HDP2023001.png', false)
 7 APPPATH\Libraries\Ciqrcode.php(97): App\Libraries\QRcode::png('pagsubay/HDP2023001', 'C:\\xampp\\htdocs\\handa-registration\\uploads/qr/HDP2023001.png', 'H', 8, 2)
 8 APPPATH\Controllers\Registration.php(86): App\Libraries\Ciqrcode->generate([...])
 9 APPPATH\Controllers\Registration.php(66): App\Controllers\Registration->generateQRCode('pagsubay', 'HDP2023001')
10 SYSTEMPATH\CodeIgniter.php(932): App\Controllers\Registration->registerProccess()
11 SYSTEMPATH\CodeIgniter.php(497): CodeIgniter\CodeIgniter->runController(Object(App\Controllers\Registration))
12 SYSTEMPATH\CodeIgniter.php(366): CodeIgniter\CodeIgniter->handleRequest(null, Object(Config\Cache), false)
13 FCPATH\index.php(67): CodeIgniter\CodeIgniter->run()
WARNING - 2023-09-04 03:53:51 --> [DEPRECATED] Implicit conversion from float 3.5 to int loses precision in APPPATH\Libraries\qrcode\qrencode.php on line 145.
 1 APPPATH\Libraries\qrcode\qrencode.php(188): App\Libraries\QRrawcode->getCode()
 2 APPPATH\Libraries\qrcode\qrencode.php(241): App\Libraries\QRcode->encodeMask(Object(App\Libraries\QRinput), -1)
 3 APPPATH\Libraries\qrcode\qrencode.php(280): App\Libraries\QRcode->encodeInput(Object(App\Libraries\QRinput))
 4 APPPATH\Libraries\qrcode\qrencode.php(468): App\Libraries\QRcode->encodeString('pagsubay/HDP2023001', 0, 3, 2, true)
 5 APPPATH\Libraries\qrcode\qrencode.php(486): App\Libraries\QRencode->encode('pagsubay/HDP2023001')
 6 APPPATH\Libraries\qrcode\qrencode.php(287): App\Libraries\QRencode->encodePNG('pagsubay/HDP2023001', 'C:\\xampp\\htdocs\\handa-registration\\uploads/qr/HDP2023001.png', false)
 7 APPPATH\Libraries\Ciqrcode.php(97): App\Libraries\QRcode::png('pagsubay/HDP2023001', 'C:\\xampp\\htdocs\\handa-registration\\uploads/qr/HDP2023001.png', 'H', 8, 2)
 8 APPPATH\Controllers\Registration.php(86): App\Libraries\Ciqrcode->generate([...])
 9 APPPATH\Controllers\Registration.php(66): App\Controllers\Registration->generateQRCode('pagsubay', 'HDP2023001')
10 SYSTEMPATH\CodeIgniter.php(932): App\Controllers\Registration->registerProccess()
11 SYSTEMPATH\CodeIgniter.php(497): CodeIgniter\CodeIgniter->runController(Object(App\Controllers\Registration))
12 SYSTEMPATH\CodeIgniter.php(366): CodeIgniter\CodeIgniter->handleRequest(null, Object(Config\Cache), false)
13 FCPATH\index.php(67): CodeIgniter\CodeIgniter->run()
WARNING - 2023-09-04 03:53:51 --> [DEPRECATED] Implicit conversion from float 4.5 to int loses precision in APPPATH\Libraries\qrcode\qrencode.php on line 145.
 1 APPPATH\Libraries\qrcode\qrencode.php(188): App\Libraries\QRrawcode->getCode()
 2 APPPATH\Libraries\qrcode\qrencode.php(241): App\Libraries\QRcode->encodeMask(Object(App\Libraries\QRinput), -1)
 3 APPPATH\Libraries\qrcode\qrencode.php(280): App\Libraries\QRcode->encodeInput(Object(App\Libraries\QRinput))
 4 APPPATH\Libraries\qrcode\qrencode.php(468): App\Libraries\QRcode->encodeString('pagsubay/HDP2023001', 0, 3, 2, true)
 5 APPPATH\Libraries\qrcode\qrencode.php(486): App\Libraries\QRencode->encode('pagsubay/HDP2023001')
 6 APPPATH\Libraries\qrcode\qrencode.php(287): App\Libraries\QRencode->encodePNG('pagsubay/HDP2023001', 'C:\\xampp\\htdocs\\handa-registration\\uploads/qr/HDP2023001.png', false)
 7 APPPATH\Libraries\Ciqrcode.php(97): App\Libraries\QRcode::png('pagsubay/HDP2023001', 'C:\\xampp\\htdocs\\handa-registration\\uploads/qr/HDP2023001.png', 'H', 8, 2)
 8 APPPATH\Controllers\Registration.php(86): App\Libraries\Ciqrcode->generate([...])
 9 APPPATH\Controllers\Registration.php(66): App\Controllers\Registration->generateQRCode('pagsubay', 'HDP2023001')
10 SYSTEMPATH\CodeIgniter.php(932): App\Controllers\Registration->registerProccess()
11 SYSTEMPATH\CodeIgniter.php(497): CodeIgniter\CodeIgniter->runController(Object(App\Controllers\Registration))
12 SYSTEMPATH\CodeIgniter.php(366): CodeIgniter\CodeIgniter->handleRequest(null, Object(Config\Cache), false)
13 FCPATH\index.php(67): CodeIgniter\CodeIgniter->run()
WARNING - 2023-09-04 03:53:51 --> [DEPRECATED] Implicit conversion from float 5.5 to int loses precision in APPPATH\Libraries\qrcode\qrencode.php on line 145.
 1 APPPATH\Libraries\qrcode\qrencode.php(188): App\Libraries\QRrawcode->getCode()
 2 APPPATH\Libraries\qrcode\qrencode.php(241): App\Libraries\QRcode->encodeMask(Object(App\Libraries\QRinput), -1)
 3 APPPATH\Libraries\qrcode\qrencode.php(280): App\Libraries\QRcode->encodeInput(Object(App\Libraries\QRinput))
 4 APPPATH\Libraries\qrcode\qrencode.php(468): App\Libraries\QRcode->encodeString('pagsubay/HDP2023001', 0, 3, 2, true)
 5 APPPATH\Libraries\qrcode\qrencode.php(486): App\Libraries\QRencode->encode('pagsubay/HDP2023001')
 6 APPPATH\Libraries\qrcode\qrencode.php(287): App\Libraries\QRencode->encodePNG('pagsubay/HDP2023001', 'C:\\xampp\\htdocs\\handa-registration\\uploads/qr/HDP2023001.png', false)
 7 APPPATH\Libraries\Ciqrcode.php(97): App\Libraries\QRcode::png('pagsubay/HDP2023001', 'C:\\xampp\\htdocs\\handa-registration\\uploads/qr/HDP2023001.png', 'H', 8, 2)
 8 APPPATH\Controllers\Registration.php(86): App\Libraries\Ciqrcode->generate([...])
 9 APPPATH\Controllers\Registration.php(66): App\Controllers\Registration->generateQRCode('pagsubay', 'HDP2023001')
10 SYSTEMPATH\CodeIgniter.php(932): App\Controllers\Registration->registerProccess()
11 SYSTEMPATH\CodeIgniter.php(497): CodeIgniter\CodeIgniter->runController(Object(App\Controllers\Registration))
12 SYSTEMPATH\CodeIgniter.php(366): CodeIgniter\CodeIgniter->handleRequest(null, Object(Config\Cache), false)
13 FCPATH\index.php(67): CodeIgniter\CodeIgniter->run()
WARNING - 2023-09-04 03:53:51 --> [DEPRECATED] Implicit conversion from float 6.5 to int loses precision in APPPATH\Libraries\qrcode\qrencode.php on line 145.
 1 APPPATH\Libraries\qrcode\qrencode.php(188): App\Libraries\QRrawcode->getCode()
 2 APPPATH\Libraries\qrcode\qrencode.php(241): App\Libraries\QRcode->encodeMask(Object(App\Libraries\QRinput), -1)
 3 APPPATH\Libraries\qrcode\qrencode.php(280): App\Libraries\QRcode->encodeInput(Object(App\Libraries\QRinput))
 4 APPPATH\Libraries\qrcode\qrencode.php(468): App\Libraries\QRcode->encodeString('pagsubay/HDP2023001', 0, 3, 2, true)
 5 APPPATH\Libraries\qrcode\qrencode.php(486): App\Libraries\QRencode->encode('pagsubay/HDP2023001')
 6 APPPATH\Libraries\qrcode\qrencode.php(287): App\Libraries\QRencode->encodePNG('pagsubay/HDP2023001', 'C:\\xampp\\htdocs\\handa-registration\\uploads/qr/HDP2023001.png', false)
 7 APPPATH\Libraries\Ciqrcode.php(97): App\Libraries\QRcode::png('pagsubay/HDP2023001', 'C:\\xampp\\htdocs\\handa-registration\\uploads/qr/HDP2023001.png', 'H', 8, 2)
 8 APPPATH\Controllers\Registration.php(86): App\Libraries\Ciqrcode->generate([...])
 9 APPPATH\Controllers\Registration.php(66): App\Controllers\Registration->generateQRCode('pagsubay', 'HDP2023001')
10 SYSTEMPATH\CodeIgniter.php(932): App\Controllers\Registration->registerProccess()
11 SYSTEMPATH\CodeIgniter.php(497): CodeIgniter\CodeIgniter->runController(Object(App\Controllers\Registration))
12 SYSTEMPATH\CodeIgniter.php(366): CodeIgniter\CodeIgniter->handleRequest(null, Object(Config\Cache), false)
13 FCPATH\index.php(67): CodeIgniter\CodeIgniter->run()
WARNING - 2023-09-04 03:53:51 --> [DEPRECATED] Implicit conversion from float 7.5 to int loses precision in APPPATH\Libraries\qrcode\qrencode.php on line 145.
 1 APPPATH\Libraries\qrcode\qrencode.php(188): App\Libraries\QRrawcode->getCode()
 2 APPPATH\Libraries\qrcode\qrencode.php(241): App\Libraries\QRcode->encodeMask(Object(App\Libraries\QRinput), -1)
 3 APPPATH\Libraries\qrcode\qrencode.php(280): App\Libraries\QRcode->encodeInput(Object(App\Libraries\QRinput))
 4 APPPATH\Libraries\qrcode\qrencode.php(468): App\Libraries\QRcode->encodeString('pagsubay/HDP2023001', 0, 3, 2, true)
 5 APPPATH\Libraries\qrcode\qrencode.php(486): App\Libraries\QRencode->encode('pagsubay/HDP2023001')
 6 APPPATH\Libraries\qrcode\qrencode.php(287): App\Libraries\QRencode->encodePNG('pagsubay/HDP2023001', 'C:\\xampp\\htdocs\\handa-registration\\uploads/qr/HDP2023001.png', false)
 7 APPPATH\Libraries\Ciqrcode.php(97): App\Libraries\QRcode::png('pagsubay/HDP2023001', 'C:\\xampp\\htdocs\\handa-registration\\uploads/qr/HDP2023001.png', 'H', 8, 2)
 8 APPPATH\Controllers\Registration.php(86): App\Libraries\Ciqrcode->generate([...])
 9 APPPATH\Controllers\Registration.php(66): App\Controllers\Registration->generateQRCode('pagsubay', 'HDP2023001')
10 SYSTEMPATH\CodeIgniter.php(932): App\Controllers\Registration->registerProccess()
11 SYSTEMPATH\CodeIgniter.php(497): CodeIgniter\CodeIgniter->runController(Object(App\Controllers\Registration))
12 SYSTEMPATH\CodeIgniter.php(366): CodeIgniter\CodeIgniter->handleRequest(null, Object(Config\Cache), false)
13 FCPATH\index.php(67): CodeIgniter\CodeIgniter->run()
WARNING - 2023-09-04 03:53:51 --> [DEPRECATED] Implicit conversion from float 8.5 to int loses precision in APPPATH\Libraries\qrcode\qrencode.php on line 145.
 1 APPPATH\Libraries\qrcode\qrencode.php(188): App\Libraries\QRrawcode->getCode()
 2 APPPATH\Libraries\qrcode\qrencode.php(241): App\Libraries\QRcode->encodeMask(Object(App\Libraries\QRinput), -1)
 3 APPPATH\Libraries\qrcode\qrencode.php(280): App\Libraries\QRcode->encodeInput(Object(App\Libraries\QRinput))
 4 APPPATH\Libraries\qrcode\qrencode.php(468): App\Libraries\QRcode->encodeString('pagsubay/HDP2023001', 0, 3, 2, true)
 5 APPPATH\Libraries\qrcode\qrencode.php(486): App\Libraries\QRencode->encode('pagsubay/HDP2023001')
 6 APPPATH\Libraries\qrcode\qrencode.php(287): App\Libraries\QRencode->encodePNG('pagsubay/HDP2023001', 'C:\\xampp\\htdocs\\handa-registration\\uploads/qr/HDP2023001.png', false)
 7 APPPATH\Libraries\Ciqrcode.php(97): App\Libraries\QRcode::png('pagsubay/HDP2023001', 'C:\\xampp\\htdocs\\handa-registration\\uploads/qr/HDP2023001.png', 'H', 8, 2)
 8 APPPATH\Controllers\Registration.php(86): App\Libraries\Ciqrcode->generate([...])
 9 APPPATH\Controllers\Registration.php(66): App\Controllers\Registration->generateQRCode('pagsubay', 'HDP2023001')
10 SYSTEMPATH\CodeIgniter.php(932): App\Controllers\Registration->registerProccess()
11 SYSTEMPATH\CodeIgniter.php(497): CodeIgniter\CodeIgniter->runController(Object(App\Controllers\Registration))
12 SYSTEMPATH\CodeIgniter.php(366): CodeIgniter\CodeIgniter->handleRequest(null, Object(Config\Cache), false)
13 FCPATH\index.php(67): CodeIgniter\CodeIgniter->run()
WARNING - 2023-09-04 03:53:51 --> [DEPRECATED] Implicit conversion from float 9.5 to int loses precision in APPPATH\Libraries\qrcode\qrencode.php on line 145.
 1 APPPATH\Libraries\qrcode\qrencode.php(188): App\Libraries\QRrawcode->getCode()
 2 APPPATH\Libraries\qrcode\qrencode.php(241): App\Libraries\QRcode->encodeMask(Object(App\Libraries\QRinput), -1)
 3 APPPATH\Libraries\qrcode\qrencode.php(280): App\Libraries\QRcode->encodeInput(Object(App\Libraries\QRinput))
 4 APPPATH\Libraries\qrcode\qrencode.php(468): App\Libraries\QRcode->encodeString('pagsubay/HDP2023001', 0, 3, 2, true)
 5 APPPATH\Libraries\qrcode\qrencode.php(486): App\Libraries\QRencode->encode('pagsubay/HDP2023001')
 6 APPPATH\Libraries\qrcode\qrencode.php(287): App\Libraries\QRencode->encodePNG('pagsubay/HDP2023001', 'C:\\xampp\\htdocs\\handa-registration\\uploads/qr/HDP2023001.png', false)
 7 APPPATH\Libraries\Ciqrcode.php(97): App\Libraries\QRcode::png('pagsubay/HDP2023001', 'C:\\xampp\\htdocs\\handa-registration\\uploads/qr/HDP2023001.png', 'H', 8, 2)
 8 APPPATH\Controllers\Registration.php(86): App\Libraries\Ciqrcode->generate([...])
 9 APPPATH\Controllers\Registration.php(66): App\Controllers\Registration->generateQRCode('pagsubay', 'HDP2023001')
10 SYSTEMPATH\CodeIgniter.php(932): App\Controllers\Registration->registerProccess()
11 SYSTEMPATH\CodeIgniter.php(497): CodeIgniter\CodeIgniter->runController(Object(App\Controllers\Registration))
12 SYSTEMPATH\CodeIgniter.php(366): CodeIgniter\CodeIgniter->handleRequest(null, Object(Config\Cache), false)
13 FCPATH\index.php(67): CodeIgniter\CodeIgniter->run()
WARNING - 2023-09-04 03:53:51 --> [DEPRECATED] Implicit conversion from float 10.5 to int loses precision in APPPATH\Libraries\qrcode\qrencode.php on line 145.
 1 APPPATH\Libraries\qrcode\qrencode.php(188): App\Libraries\QRrawcode->getCode()
 2 APPPATH\Libraries\qrcode\qrencode.php(241): App\Libraries\QRcode->encodeMask(Object(App\Libraries\QRinput), -1)
 3 APPPATH\Libraries\qrcode\qrencode.php(280): App\Libraries\QRcode->encodeInput(Object(App\Libraries\QRinput))
 4 APPPATH\Libraries\qrcode\qrencode.php(468): App\Libraries\QRcode->encodeString('pagsubay/HDP2023001', 0, 3, 2, true)
 5 APPPATH\Libraries\qrcode\qrencode.php(486): App\Libraries\QRencode->encode('pagsubay/HDP2023001')
 6 APPPATH\Libraries\qrcode\qrencode.php(287): App\Libraries\QRencode->encodePNG('pagsubay/HDP2023001', 'C:\\xampp\\htdocs\\handa-registration\\uploads/qr/HDP2023001.png', false)
 7 APPPATH\Libraries\Ciqrcode.php(97): App\Libraries\QRcode::png('pagsubay/HDP2023001', 'C:\\xampp\\htdocs\\handa-registration\\uploads/qr/HDP2023001.png', 'H', 8, 2)
 8 APPPATH\Controllers\Registration.php(86): App\Libraries\Ciqrcode->generate([...])
 9 APPPATH\Controllers\Registration.php(66): App\Controllers\Registration->generateQRCode('pagsubay', 'HDP2023001')
10 SYSTEMPATH\CodeIgniter.php(932): App\Controllers\Registration->registerProccess()
11 SYSTEMPATH\CodeIgniter.php(497): CodeIgniter\CodeIgniter->runController(Object(App\Controllers\Registration))
12 SYSTEMPATH\CodeIgniter.php(366): CodeIgniter\CodeIgniter->handleRequest(null, Object(Config\Cache), false)
13 FCPATH\index.php(67): CodeIgniter\CodeIgniter->run()
WARNING - 2023-09-04 03:53:51 --> [DEPRECATED] Implicit conversion from float 11.5 to int loses precision in APPPATH\Libraries\qrcode\qrencode.php on line 145.
 1 APPPATH\Libraries\qrcode\qrencode.php(188): App\Libraries\QRrawcode->getCode()
 2 APPPATH\Libraries\qrcode\qrencode.php(241): App\Libraries\QRcode->encodeMask(Object(App\Libraries\QRinput), -1)
 3 APPPATH\Libraries\qrcode\qrencode.php(280): App\Libraries\QRcode->encodeInput(Object(App\Libraries\QRinput))
 4 APPPATH\Libraries\qrcode\qrencode.php(468): App\Libraries\QRcode->encodeString('pagsubay/HDP2023001', 0, 3, 2, true)
 5 APPPATH\Libraries\qrcode\qrencode.php(486): App\Libraries\QRencode->encode('pagsubay/HDP2023001')
 6 APPPATH\Libraries\qrcode\qrencode.php(287): App\Libraries\QRencode->encodePNG('pagsubay/HDP2023001', 'C:\\xampp\\htdocs\\handa-registration\\uploads/qr/HDP2023001.png', false)
 7 APPPATH\Libraries\Ciqrcode.php(97): App\Libraries\QRcode::png('pagsubay/HDP2023001', 'C:\\xampp\\htdocs\\handa-registration\\uploads/qr/HDP2023001.png', 'H', 8, 2)
 8 APPPATH\Controllers\Registration.php(86): App\Libraries\Ciqrcode->generate([...])
 9 APPPATH\Controllers\Registration.php(66): App\Controllers\Registration->generateQRCode('pagsubay', 'HDP2023001')
10 SYSTEMPATH\CodeIgniter.php(932): App\Controllers\Registration->registerProccess()
11 SYSTEMPATH\CodeIgniter.php(497): CodeIgniter\CodeIgniter->runController(Object(App\Controllers\Registration))
12 SYSTEMPATH\CodeIgniter.php(366): CodeIgniter\CodeIgniter->handleRequest(null, Object(Config\Cache), false)
13 FCPATH\index.php(67): CodeIgniter\CodeIgniter->run()
WARNING - 2023-09-04 03:53:51 --> [DEPRECATED] Implicit conversion from float 12.5 to int loses precision in APPPATH\Libraries\qrcode\qrencode.php on line 145.
 1 APPPATH\Libraries\qrcode\qrencode.php(188): App\Libraries\QRrawcode->getCode()
 2 APPPATH\Libraries\qrcode\qrencode.php(241): App\Libraries\QRcode->encodeMask(Object(App\Libraries\QRinput), -1)
 3 APPPATH\Libraries\qrcode\qrencode.php(280): App\Libraries\QRcode->encodeInput(Object(App\Libraries\QRinput))
 4 APPPATH\Libraries\qrcode\qrencode.php(468): App\Libraries\QRcode->encodeString('pagsubay/HDP2023001', 0, 3, 2, true)
 5 APPPATH\Libraries\qrcode\qrencode.php(486): App\Libraries\QRencode->encode('pagsubay/HDP2023001')
 6 APPPATH\Libraries\qrcode\qrencode.php(287): App\Libraries\QRencode->encodePNG('pagsubay/HDP2023001', 'C:\\xampp\\htdocs\\handa-registration\\uploads/qr/HDP2023001.png', false)
 7 APPPATH\Libraries\Ciqrcode.php(97): App\Libraries\QRcode::png('pagsubay/HDP2023001', 'C:\\xampp\\htdocs\\handa-registration\\uploads/qr/HDP2023001.png', 'H', 8, 2)
 8 APPPATH\Controllers\Registration.php(86): App\Libraries\Ciqrcode->generate([...])
 9 APPPATH\Controllers\Registration.php(66): App\Controllers\Registration->generateQRCode('pagsubay', 'HDP2023001')
10 SYSTEMPATH\CodeIgniter.php(932): App\Controllers\Registration->registerProccess()
11 SYSTEMPATH\CodeIgniter.php(497): CodeIgniter\CodeIgniter->runController(Object(App\Controllers\Registration))
12 SYSTEMPATH\CodeIgniter.php(366): CodeIgniter\CodeIgniter->handleRequest(null, Object(Config\Cache), false)
13 FCPATH\index.php(67): CodeIgniter\CodeIgniter->run()
WARNING - 2023-09-04 03:53:51 --> [DEPRECATED] Implicit conversion from float 13.5 to int loses precision in APPPATH\Libraries\qrcode\qrencode.php on line 145.
 1 APPPATH\Libraries\qrcode\qrencode.php(188): App\Libraries\QRrawcode->getCode()
 2 APPPATH\Libraries\qrcode\qrencode.php(241): App\Libraries\QRcode->encodeMask(Object(App\Libraries\QRinput), -1)
 3 APPPATH\Libraries\qrcode\qrencode.php(280): App\Libraries\QRcode->encodeInput(Object(App\Libraries\QRinput))
 4 APPPATH\Libraries\qrcode\qrencode.php(468): App\Libraries\QRcode->encodeString('pagsubay/HDP2023001', 0, 3, 2, true)
 5 APPPATH\Libraries\qrcode\qrencode.php(486): App\Libraries\QRencode->encode('pagsubay/HDP2023001')
 6 APPPATH\Libraries\qrcode\qrencode.php(287): App\Libraries\QRencode->encodePNG('pagsubay/HDP2023001', 'C:\\xampp\\htdocs\\handa-registration\\uploads/qr/HDP2023001.png', false)
 7 APPPATH\Libraries\Ciqrcode.php(97): App\Libraries\QRcode::png('pagsubay/HDP2023001', 'C:\\xampp\\htdocs\\handa-registration\\uploads/qr/HDP2023001.png', 'H', 8, 2)
 8 APPPATH\Controllers\Registration.php(86): App\Libraries\Ciqrcode->generate([...])
 9 APPPATH\Controllers\Registration.php(66): App\Controllers\Registration->generateQRCode('pagsubay', 'HDP2023001')
10 SYSTEMPATH\CodeIgniter.php(932): App\Controllers\Registration->registerProccess()
11 SYSTEMPATH\CodeIgniter.php(497): CodeIgniter\CodeIgniter->runController(Object(App\Controllers\Registration))
12 SYSTEMPATH\CodeIgniter.php(366): CodeIgniter\CodeIgniter->handleRequest(null, Object(Config\Cache), false)
13 FCPATH\index.php(67): CodeIgniter\CodeIgniter->run()
WARNING - 2023-09-04 03:53:51 --> [DEPRECATED] Implicit conversion from float 14.5 to int loses precision in APPPATH\Libraries\qrcode\qrencode.php on line 145.
 1 APPPATH\Libraries\qrcode\qrencode.php(188): App\Libraries\QRrawcode->getCode()
 2 APPPATH\Libraries\qrcode\qrencode.php(241): App\Libraries\QRcode->encodeMask(Object(App\Libraries\QRinput), -1)
 3 APPPATH\Libraries\qrcode\qrencode.php(280): App\Libraries\QRcode->encodeInput(Object(App\Libraries\QRinput))
 4 APPPATH\Libraries\qrcode\qrencode.php(468): App\Libraries\QRcode->encodeString('pagsubay/HDP2023001', 0, 3, 2, true)
 5 APPPATH\Libraries\qrcode\qrencode.php(486): App\Libraries\QRencode->encode('pagsubay/HDP2023001')
 6 APPPATH\Libraries\qrcode\qrencode.php(287): App\Libraries\QRencode->encodePNG('pagsubay/HDP2023001', 'C:\\xampp\\htdocs\\handa-registration\\uploads/qr/HDP2023001.png', false)
 7 APPPATH\Libraries\Ciqrcode.php(97): App\Libraries\QRcode::png('pagsubay/HDP2023001', 'C:\\xampp\\htdocs\\handa-registration\\uploads/qr/HDP2023001.png', 'H', 8, 2)
 8 APPPATH\Controllers\Registration.php(86): App\Libraries\Ciqrcode->generate([...])
 9 APPPATH\Controllers\Registration.php(66): App\Controllers\Registration->generateQRCode('pagsubay', 'HDP2023001')
10 SYSTEMPATH\CodeIgniter.php(932): App\Controllers\Registration->registerProccess()
11 SYSTEMPATH\CodeIgniter.php(497): CodeIgniter\CodeIgniter->runController(Object(App\Controllers\Registration))
12 SYSTEMPATH\CodeIgniter.php(366): CodeIgniter\CodeIgniter->handleRequest(null, Object(Config\Cache), false)
13 FCPATH\index.php(67): CodeIgniter\CodeIgniter->run()
WARNING - 2023-09-04 03:53:51 --> [DEPRECATED] Implicit conversion from float 15.5 to int loses precision in APPPATH\Libraries\qrcode\qrencode.php on line 145.
 1 APPPATH\Libraries\qrcode\qrencode.php(188): App\Libraries\QRrawcode->getCode()
 2 APPPATH\Libraries\qrcode\qrencode.php(241): App\Libraries\QRcode->encodeMask(Object(App\Libraries\QRinput), -1)
 3 APPPATH\Libraries\qrcode\qrencode.php(280): App\Libraries\QRcode->encodeInput(Object(App\Libraries\QRinput))
 4 APPPATH\Libraries\qrcode\qrencode.php(468): App\Libraries\QRcode->encodeString('pagsubay/HDP2023001', 0, 3, 2, true)
 5 APPPATH\Libraries\qrcode\qrencode.php(486): App\Libraries\QRencode->encode('pagsubay/HDP2023001')
 6 APPPATH\Libraries\qrcode\qrencode.php(287): App\Libraries\QRencode->encodePNG('pagsubay/HDP2023001', 'C:\\xampp\\htdocs\\handa-registration\\uploads/qr/HDP2023001.png', false)
 7 APPPATH\Libraries\Ciqrcode.php(97): App\Libraries\QRcode::png('pagsubay/HDP2023001', 'C:\\xampp\\htdocs\\handa-registration\\uploads/qr/HDP2023001.png', 'H', 8, 2)
 8 APPPATH\Controllers\Registration.php(86): App\Libraries\Ciqrcode->generate([...])
 9 APPPATH\Controllers\Registration.php(66): App\Controllers\Registration->generateQRCode('pagsubay', 'HDP2023001')
10 SYSTEMPATH\CodeIgniter.php(932): App\Controllers\Registration->registerProccess()
11 SYSTEMPATH\CodeIgniter.php(497): CodeIgniter\CodeIgniter->runController(Object(App\Controllers\Registration))
12 SYSTEMPATH\CodeIgniter.php(366): CodeIgniter\CodeIgniter->handleRequest(null, Object(Config\Cache), false)
13 FCPATH\index.php(67): CodeIgniter\CodeIgniter->run()
WARNING - 2023-09-04 03:53:51 --> [DEPRECATED] Implicit conversion from float 16.5 to int loses precision in APPPATH\Libraries\qrcode\qrencode.php on line 145.
 1 APPPATH\Libraries\qrcode\qrencode.php(188): App\Libraries\QRrawcode->getCode()
 2 APPPATH\Libraries\qrcode\qrencode.php(241): App\Libraries\QRcode->encodeMask(Object(App\Libraries\QRinput), -1)
 3 APPPATH\Libraries\qrcode\qrencode.php(280): App\Libraries\QRcode->encodeInput(Object(App\Libraries\QRinput))
 4 APPPATH\Libraries\qrcode\qrencode.php(468): App\Libraries\QRcode->encodeString('pagsubay/HDP2023001', 0, 3, 2, true)
 5 APPPATH\Libraries\qrcode\qrencode.php(486): App\Libraries\QRencode->encode('pagsubay/HDP2023001')
 6 APPPATH\Libraries\qrcode\qrencode.php(287): App\Libraries\QRencode->encodePNG('pagsubay/HDP2023001', 'C:\\xampp\\htdocs\\handa-registration\\uploads/qr/HDP2023001.png', false)
 7 APPPATH\Libraries\Ciqrcode.php(97): App\Libraries\QRcode::png('pagsubay/HDP2023001', 'C:\\xampp\\htdocs\\handa-registration\\uploads/qr/HDP2023001.png', 'H', 8, 2)
 8 APPPATH\Controllers\Registration.php(86): App\Libraries\Ciqrcode->generate([...])
 9 APPPATH\Controllers\Registration.php(66): App\Controllers\Registration->generateQRCode('pagsubay', 'HDP2023001')
10 SYSTEMPATH\CodeIgniter.php(932): App\Controllers\Registration->registerProccess()
11 SYSTEMPATH\CodeIgniter.php(497): CodeIgniter\CodeIgniter->runController(Object(App\Controllers\Registration))
12 SYSTEMPATH\CodeIgniter.php(366): CodeIgniter\CodeIgniter->handleRequest(null, Object(Config\Cache), false)
13 FCPATH\index.php(67): CodeIgniter\CodeIgniter->run()
WARNING - 2023-09-04 03:53:51 --> [DEPRECATED] Implicit conversion from float 17.5 to int loses precision in APPPATH\Libraries\qrcode\qrencode.php on line 145.
 1 APPPATH\Libraries\qrcode\qrencode.php(188): App\Libraries\QRrawcode->getCode()
 2 APPPATH\Libraries\qrcode\qrencode.php(241): App\Libraries\QRcode->encodeMask(Object(App\Libraries\QRinput), -1)
 3 APPPATH\Libraries\qrcode\qrencode.php(280): App\Libraries\QRcode->encodeInput(Object(App\Libraries\QRinput))
 4 APPPATH\Libraries\qrcode\qrencode.php(468): App\Libraries\QRcode->encodeString('pagsubay/HDP2023001', 0, 3, 2, true)
 5 APPPATH\Libraries\qrcode\qrencode.php(486): App\Libraries\QRencode->encode('pagsubay/HDP2023001')
 6 APPPATH\Libraries\qrcode\qrencode.php(287): App\Libraries\QRencode->encodePNG('pagsubay/HDP2023001', 'C:\\xampp\\htdocs\\handa-registration\\uploads/qr/HDP2023001.png', false)
 7 APPPATH\Libraries\Ciqrcode.php(97): App\Libraries\QRcode::png('pagsubay/HDP2023001', 'C:\\xampp\\htdocs\\handa-registration\\uploads/qr/HDP2023001.png', 'H', 8, 2)
 8 APPPATH\Controllers\Registration.php(86): App\Libraries\Ciqrcode->generate([...])
 9 APPPATH\Controllers\Registration.php(66): App\Controllers\Registration->generateQRCode('pagsubay', 'HDP2023001')
10 SYSTEMPATH\CodeIgniter.php(932): App\Controllers\Registration->registerProccess()
11 SYSTEMPATH\CodeIgniter.php(497): CodeIgniter\CodeIgniter->runController(Object(App\Controllers\Registration))
12 SYSTEMPATH\CodeIgniter.php(366): CodeIgniter\CodeIgniter->handleRequest(null, Object(Config\Cache), false)
13 FCPATH\index.php(67): CodeIgniter\CodeIgniter->run()
WARNING - 2023-09-04 03:53:51 --> [DEPRECATED] Implicit conversion from float 18.5 to int loses precision in APPPATH\Libraries\qrcode\qrencode.php on line 145.
 1 APPPATH\Libraries\qrcode\qrencode.php(188): App\Libraries\QRrawcode->getCode()
 2 APPPATH\Libraries\qrcode\qrencode.php(241): App\Libraries\QRcode->encodeMask(Object(App\Libraries\QRinput), -1)
 3 APPPATH\Libraries\qrcode\qrencode.php(280): App\Libraries\QRcode->encodeInput(Object(App\Libraries\QRinput))
 4 APPPATH\Libraries\qrcode\qrencode.php(468): App\Libraries\QRcode->encodeString('pagsubay/HDP2023001', 0, 3, 2, true)
 5 APPPATH\Libraries\qrcode\qrencode.php(486): App\Libraries\QRencode->encode('pagsubay/HDP2023001')
 6 APPPATH\Libraries\qrcode\qrencode.php(287): App\Libraries\QRencode->encodePNG('pagsubay/HDP2023001', 'C:\\xampp\\htdocs\\handa-registration\\uploads/qr/HDP2023001.png', false)
 7 APPPATH\Libraries\Ciqrcode.php(97): App\Libraries\QRcode::png('pagsubay/HDP2023001', 'C:\\xampp\\htdocs\\handa-registration\\uploads/qr/HDP2023001.png', 'H', 8, 2)
 8 APPPATH\Controllers\Registration.php(86): App\Libraries\Ciqrcode->generate([...])
 9 APPPATH\Controllers\Registration.php(66): App\Controllers\Registration->generateQRCode('pagsubay', 'HDP2023001')
10 SYSTEMPATH\CodeIgniter.php(932): App\Controllers\Registration->registerProccess()
11 SYSTEMPATH\CodeIgniter.php(497): CodeIgniter\CodeIgniter->runController(Object(App\Controllers\Registration))
12 SYSTEMPATH\CodeIgniter.php(366): CodeIgniter\CodeIgniter->handleRequest(null, Object(Config\Cache), false)
13 FCPATH\index.php(67): CodeIgniter\CodeIgniter->run()
WARNING - 2023-09-04 03:53:51 --> [DEPRECATED] Implicit conversion from float 19.5 to int loses precision in APPPATH\Libraries\qrcode\qrencode.php on line 145.
 1 APPPATH\Libraries\qrcode\qrencode.php(188): App\Libraries\QRrawcode->getCode()
 2 APPPATH\Libraries\qrcode\qrencode.php(241): App\Libraries\QRcode->encodeMask(Object(App\Libraries\QRinput), -1)
 3 APPPATH\Libraries\qrcode\qrencode.php(280): App\Libraries\QRcode->encodeInput(Object(App\Libraries\QRinput))
 4 APPPATH\Libraries\qrcode\qrencode.php(468): App\Libraries\QRcode->encodeString('pagsubay/HDP2023001', 0, 3, 2, true)
 5 APPPATH\Libraries\qrcode\qrencode.php(486): App\Libraries\QRencode->encode('pagsubay/HDP2023001')
 6 APPPATH\Libraries\qrcode\qrencode.php(287): App\Libraries\QRencode->encodePNG('pagsubay/HDP2023001', 'C:\\xampp\\htdocs\\handa-registration\\uploads/qr/HDP2023001.png', false)
 7 APPPATH\Libraries\Ciqrcode.php(97): App\Libraries\QRcode::png('pagsubay/HDP2023001', 'C:\\xampp\\htdocs\\handa-registration\\uploads/qr/HDP2023001.png', 'H', 8, 2)
 8 APPPATH\Controllers\Registration.php(86): App\Libraries\Ciqrcode->generate([...])
 9 APPPATH\Controllers\Registration.php(66): App\Controllers\Registration->generateQRCode('pagsubay', 'HDP2023001')
10 SYSTEMPATH\CodeIgniter.php(932): App\Controllers\Registration->registerProccess()
11 SYSTEMPATH\CodeIgniter.php(497): CodeIgniter\CodeIgniter->runController(Object(App\Controllers\Registration))
12 SYSTEMPATH\CodeIgniter.php(366): CodeIgniter\CodeIgniter->handleRequest(null, Object(Config\Cache), false)
13 FCPATH\index.php(67): CodeIgniter\CodeIgniter->run()
WARNING - 2023-09-04 03:53:51 --> [DEPRECATED] Implicit conversion from float 20.5 to int loses precision in APPPATH\Libraries\qrcode\qrencode.php on line 145.
 1 APPPATH\Libraries\qrcode\qrencode.php(188): App\Libraries\QRrawcode->getCode()
 2 APPPATH\Libraries\qrcode\qrencode.php(241): App\Libraries\QRcode->encodeMask(Object(App\Libraries\QRinput), -1)
 3 APPPATH\Libraries\qrcode\qrencode.php(280): App\Libraries\QRcode->encodeInput(Object(App\Libraries\QRinput))
 4 APPPATH\Libraries\qrcode\qrencode.php(468): App\Libraries\QRcode->encodeString('pagsubay/HDP2023001', 0, 3, 2, true)
 5 APPPATH\Libraries\qrcode\qrencode.php(486): App\Libraries\QRencode->encode('pagsubay/HDP2023001')
 6 APPPATH\Libraries\qrcode\qrencode.php(287): App\Libraries\QRencode->encodePNG('pagsubay/HDP2023001', 'C:\\xampp\\htdocs\\handa-registration\\uploads/qr/HDP2023001.png', false)
 7 APPPATH\Libraries\Ciqrcode.php(97): App\Libraries\QRcode::png('pagsubay/HDP2023001', 'C:\\xampp\\htdocs\\handa-registration\\uploads/qr/HDP2023001.png', 'H', 8, 2)
 8 APPPATH\Controllers\Registration.php(86): App\Libraries\Ciqrcode->generate([...])
 9 APPPATH\Controllers\Registration.php(66): App\Controllers\Registration->generateQRCode('pagsubay', 'HDP2023001')
10 SYSTEMPATH\CodeIgniter.php(932): App\Controllers\Registration->registerProccess()
11 SYSTEMPATH\CodeIgniter.php(497): CodeIgniter\CodeIgniter->runController(Object(App\Controllers\Registration))
12 SYSTEMPATH\CodeIgniter.php(366): CodeIgniter\CodeIgniter->handleRequest(null, Object(Config\Cache), false)
13 FCPATH\index.php(67): CodeIgniter\CodeIgniter->run()
WARNING - 2023-09-04 03:53:51 --> [DEPRECATED] Implicit conversion from float 21.5 to int loses precision in APPPATH\Libraries\qrcode\qrencode.php on line 145.
 1 APPPATH\Libraries\qrcode\qrencode.php(188): App\Libraries\QRrawcode->getCode()
 2 APPPATH\Libraries\qrcode\qrencode.php(241): App\Libraries\QRcode->encodeMask(Object(App\Libraries\QRinput), -1)
 3 APPPATH\Libraries\qrcode\qrencode.php(280): App\Libraries\QRcode->encodeInput(Object(App\Libraries\QRinput))
 4 APPPATH\Libraries\qrcode\qrencode.php(468): App\Libraries\QRcode->encodeString('pagsubay/HDP2023001', 0, 3, 2, true)
 5 APPPATH\Libraries\qrcode\qrencode.php(486): App\Libraries\QRencode->encode('pagsubay/HDP2023001')
 6 APPPATH\Libraries\qrcode\qrencode.php(287): App\Libraries\QRencode->encodePNG('pagsubay/HDP2023001', 'C:\\xampp\\htdocs\\handa-registration\\uploads/qr/HDP2023001.png', false)
 7 APPPATH\Libraries\Ciqrcode.php(97): App\Libraries\QRcode::png('pagsubay/HDP2023001', 'C:\\xampp\\htdocs\\handa-registration\\uploads/qr/HDP2023001.png', 'H', 8, 2)
 8 APPPATH\Controllers\Registration.php(86): App\Libraries\Ciqrcode->generate([...])
 9 APPPATH\Controllers\Registration.php(66): App\Controllers\Registration->generateQRCode('pagsubay', 'HDP2023001')
10 SYSTEMPATH\CodeIgniter.php(932): App\Controllers\Registration->registerProccess()
11 SYSTEMPATH\CodeIgniter.php(497): CodeIgniter\CodeIgniter->runController(Object(App\Controllers\Registration))
12 SYSTEMPATH\CodeIgniter.php(366): CodeIgniter\CodeIgniter->handleRequest(null, Object(Config\Cache), false)
13 FCPATH\index.php(67): CodeIgniter\CodeIgniter->run()
INFO - 2023-09-04 03:53:51 --> Session: Class initialized using 'CodeIgniter\Session\Handlers\FileHandler' driver.
INFO - 2023-09-04 03:54:20 --> Session: Class initialized using 'CodeIgniter\Session\Handlers\FileHandler' driver.
INFO - 2023-09-04 03:54:45 --> Session: Class initialized using 'CodeIgniter\Session\Handlers\FileHandler' driver.
INFO - 2023-09-04 03:55:25 --> Session: Class initialized using 'CodeIgniter\Session\Handlers\FileHandler' driver.
INFO - 2023-09-04 03:55:28 --> Session: Class initialized using 'CodeIgniter\Session\Handlers\FileHandler' driver.
INFO - 2023-09-04 03:55:31 --> Session: Class initialized using 'CodeIgniter\Session\Handlers\FileHandler' driver.
INFO - 2023-09-04 03:55:32 --> Session: Class initialized using 'CodeIgniter\Session\Handlers\FileHandler' driver.
INFO - 2023-09-04 03:55:34 --> Session: Class initialized using 'CodeIgniter\Session\Handlers\FileHandler' driver.
INFO - 2023-09-04 03:55:36 --> Session: Class initialized using 'CodeIgniter\Session\Handlers\FileHandler' driver.
INFO - 2023-09-04 03:55:38 --> Session: Class initialized using 'CodeIgniter\Session\Handlers\FileHandler' driver.
INFO - 2023-09-04 03:55:49 --> Session: Class initialized using 'CodeIgniter\Session\Handlers\FileHandler' driver.
INFO - 2023-09-04 03:55:52 --> Session: Class initialized using 'CodeIgniter\Session\Handlers\FileHandler' driver.
INFO - 2023-09-04 03:56:16 --> Session: Class initialized using 'CodeIgniter\Session\Handlers\FileHandler' driver.
INFO - 2023-09-04 03:56:54 --> Session: Class initialized using 'CodeIgniter\Session\Handlers\FileHandler' driver.
INFO - 2023-09-04 03:57:01 --> Session: Class initialized using 'CodeIgniter\Session\Handlers\FileHandler' driver.
INFO - 2023-09-04 03:57:04 --> Session: Class initialized using 'CodeIgniter\Session\Handlers\FileHandler' driver.
INFO - 2023-09-04 03:57:12 --> Session: Class initialized using 'CodeIgniter\Session\Handlers\FileHandler' driver.
INFO - 2023-09-04 03:57:15 --> Session: Class initialized using 'CodeIgniter\Session\Handlers\FileHandler' driver.
INFO - 2023-09-04 03:57:17 --> Session: Class initialized using 'CodeIgniter\Session\Handlers\FileHandler' driver.
INFO - 2023-09-04 03:57:39 --> Session: Class initialized using 'CodeIgniter\Session\Handlers\FileHandler' driver.
INFO - 2023-09-04 03:57:56 --> Session: Class initialized using 'CodeIgniter\Session\Handlers\FileHandler' driver.
INFO - 2023-09-04 03:58:38 --> Session: Class initialized using 'CodeIgniter\Session\Handlers\FileHandler' driver.
INFO - 2023-09-04 03:59:12 --> Session: Class initialized using 'CodeIgniter\Session\Handlers\FileHandler' driver.
INFO - 2023-09-04 03:59:52 --> Session: Class initialized using 'CodeIgniter\Session\Handlers\FileHandler' driver.
INFO - 2023-09-04 04:00:21 --> Session: Class initialized using 'CodeIgniter\Session\Handlers\FileHandler' driver.
INFO - 2023-09-04 04:00:48 --> Session: Class initialized using 'CodeIgniter\Session\Handlers\FileHandler' driver.
INFO - 2023-09-04 04:00:54 --> Session: Class initialized using 'CodeIgniter\Session\Handlers\FileHandler' driver.
INFO - 2023-09-04 04:00:58 --> Session: Class initialized using 'CodeIgniter\Session\Handlers\FileHandler' driver.
INFO - 2023-09-04 04:01:12 --> Session: Class initialized using 'CodeIgniter\Session\Handlers\FileHandler' driver.
INFO - 2023-09-04 04:01:20 --> Session: Class initialized using 'CodeIgniter\Session\Handlers\FileHandler' driver.
INFO - 2023-09-04 04:01:32 --> Session: Class initialized using 'CodeIgniter\Session\Handlers\FileHandler' driver.
INFO - 2023-09-04 04:01:44 --> Session: Class initialized using 'CodeIgniter\Session\Handlers\FileHandler' driver.
INFO - 2023-09-04 04:01:54 --> Session: Class initialized using 'CodeIgniter\Session\Handlers\FileHandler' driver.
INFO - 2023-09-04 04:02:05 --> Session: Class initialized using 'CodeIgniter\Session\Handlers\FileHandler' driver.
INFO - 2023-09-04 04:02:08 --> Session: Class initialized using 'CodeIgniter\Session\Handlers\FileHandler' driver.
INFO - 2023-09-04 04:02:10 --> Session: Class initialized using 'CodeIgniter\Session\Handlers\FileHandler' driver.
INFO - 2023-09-04 04:02:13 --> Session: Class initialized using 'CodeIgniter\Session\Handlers\FileHandler' driver.
INFO - 2023-09-04 04:02:36 --> Session: Class initialized using 'CodeIgniter\Session\Handlers\FileHandler' driver.
INFO - 2023-09-04 04:02:38 --> Session: Class initialized using 'CodeIgniter\Session\Handlers\FileHandler' driver.
INFO - 2023-09-04 04:02:42 --> Session: Class initialized using 'CodeIgniter\Session\Handlers\FileHandler' driver.
INFO - 2023-09-04 04:03:54 --> Session: Class initialized using 'CodeIgniter\Session\Handlers\FileHandler' driver.
